#
# There is insufficient memory for the Java Runtime Environment to continue.
# Native memory allocation (mmap) failed to map 156237824 bytes for committing reserved memory.
# Possible reasons:
#   The system is out of physical RAM or swap space
#   In 32 bit mode, the process size limit was hit
# Possible solutions:
#   Reduce memory load on the system
#   Increase physical memory or swap space
#   Check if swap backing store is full
#   Use 64 bit Java on a 64 bit OS
#   Decrease Java heap size (-Xmx/-Xms)
#   Decrease number of Java threads
#   Decrease Java thread stack sizes (-Xss)
#   Set larger code cache with -XX:ReservedCodeCacheSize=
# This output file may be truncated or incomplete.
#
#  Out of Memory Error (os_linux.cpp:2630), pid=8966, tid=0x00007f6423532700
#
# JRE version: OpenJDK Runtime Environment (8.0_111-b14) (build 1.8.0_111-8u111-b14-2ubuntu0.16.04.2-b14)
# Java VM: OpenJDK 64-Bit Server VM (25.111-b14 mixed mode linux-amd64 compressed oops)
# Failed to write core dump. Core dumps have been disabled. To enable core dumping, try "ulimit -c unlimited" before starting Java again
#

---------------  T H R E A D  ---------------

Current thread (0x00007f645807f800):  VMThread [stack: 0x00007f6423432000,0x00007f6423533000] [id=8981]

Stack: [0x00007f6423432000,0x00007f6423533000],  sp=0x00007f64235314c0,  free space=1021k
Native frames: (J=compiled Java code, j=interpreted, Vv=VM code, C=native code)
V  [libjvm.so+0xa64d2b]
V  [libjvm.so+0x4c2dac]
V  [libjvm.so+0x8b3ba0]
V  [libjvm.so+0x8ae01e]
V  [libjvm.so+0x9288f6]
V  [libjvm.so+0x929c23]
V  [libjvm.so+0x9262d3]
V  [libjvm.so+0x92659c]
V  [libjvm.so+0x8d8433]
V  [libjvm.so+0xa669e2]
V  [libjvm.so+0xa6bab7]
V  [libjvm.so+0xa69287]
V  [libjvm.so+0xa6a70f]
V  [libjvm.so+0xa6ac01]
V  [libjvm.so+0x8b1082]

VM_Operation (0x00007f64202f1480): ParallelGCFailedAllocation, mode: safepoint, requested by thread 0x00007f6458294000


---------------  P R O C E S S  ---------------

Java Threads: ( => current thread )
  0x00007f63e4036800 JavaThread "Thread-0" [_thread_blocked, id=9000, stack(0x00007f64200f3000,0x00007f64201f4000)]
  0x00007f645800a000 JavaThread "DestroyJavaVM" [_thread_blocked, id=8972, stack(0x00007f6461591000,0x00007f6461692000)]
  0x00007f6458294000 JavaThread "AWT-EventQueue-0" [_thread_blocked, id=8994, stack(0x00007f64201f4000,0x00007f64202f5000)]
  0x00007f6458292800 JavaThread "AWT-Shutdown" [_thread_blocked, id=8993, stack(0x00007f64202f5000,0x00007f64203f6000)]
  0x00007f645827a000 JavaThread "AWT-XAWT" daemon [_thread_in_native, id=8992, stack(0x00007f64203f6000,0x00007f64204f7000)]
  0x00007f645825b800 JavaThread "Java2D Disposer" daemon [_thread_blocked, id=8991, stack(0x00007f6420907000,0x00007f6420a08000)]
  0x00007f64580cb800 JavaThread "Service Thread" daemon [_thread_blocked, id=8989, stack(0x00007f642294d000,0x00007f6422a4e000)]
  0x00007f64580be800 JavaThread "C1 CompilerThread3" daemon [_thread_blocked, id=8988, stack(0x00007f6422a4e000,0x00007f6422b4f000)]
  0x00007f64580ba000 JavaThread "C2 CompilerThread2" daemon [_thread_blocked, id=8987, stack(0x00007f6422b4f000,0x00007f6422c50000)]
  0x00007f64580b8000 JavaThread "C2 CompilerThread1" daemon [_thread_blocked, id=8986, stack(0x00007f6422c50000,0x00007f6422d51000)]
  0x00007f64580b5000 JavaThread "C2 CompilerThread0" daemon [_thread_blocked, id=8985, stack(0x00007f6422d51000,0x00007f6422e52000)]
  0x00007f64580b3000 JavaThread "Signal Dispatcher" daemon [_thread_blocked, id=8984, stack(0x00007f6422e52000,0x00007f6422f53000)]
  0x00007f645808b800 JavaThread "Finalizer" daemon [_thread_blocked, id=8983, stack(0x00007f6423230000,0x00007f6423331000)]
  0x00007f6458087000 JavaThread "Reference Handler" daemon [_thread_blocked, id=8982, stack(0x00007f6423331000,0x00007f6423432000)]

Other Threads:
=>0x00007f645807f800 VMThread [stack: 0x00007f6423432000,0x00007f6423533000] [id=8981]
  0x00007f64580ce000 WatcherThread [stack: 0x00007f642284c000,0x00007f642294d000] [id=8990]

VM state:at safepoint (normal execution)

VM Mutex/Monitor currently owned by a thread:  ([mutex/lock_event])
[0x00007f6458006160] Threads_lock - owner thread: 0x00007f645807f800
[0x00007f6458006660] Heap_lock - owner thread: 0x00007f6458294000

Heap:
 PSYoungGen      total 256000K, used 128K [0x00000000d6d80000, 0x00000000e6980000, 0x0000000100000000)
  eden space 253952K, 0% used [0x00000000d6d80000,0x00000000d6d80000,0x00000000e6580000)
  from space 2048K, 6% used [0x00000000e6580000,0x00000000e65a0000,0x00000000e6780000)
  to   space 2048K, 0% used [0x00000000e6780000,0x00000000e6780000,0x00000000e6980000)
 ParOldGen       total 84992K, used 1388K [0x0000000084800000, 0x0000000089b00000, 0x00000000d6d80000)
  object space 84992K, 1% used [0x0000000084800000,0x000000008495b240,0x0000000089b00000)
 Metaspace       used 9080K, capacity 9300K, committed 9600K, reserved 1058816K
  class space    used 999K, capacity 1096K, committed 1152K, reserved 1048576K

Card table byte_map: [0x00007f645d887000,0x00007f645dc64000] byte_map_base: 0x00007f645d463000

Marking Bits: (ParMarkBitMap*) 0x00007f6460873220
 Begin Bits: [0x00007f6424240000, 0x00007f6426120000)
 End Bits:   [0x00007f6426120000, 0x00007f6428000000)

Polling page: 0x00007f64616c5000

CodeCache: size=245760Kb used=3324Kb max_used=3324Kb free=242435Kb
 bounds [0x00007f6449000000, 0x00007f6449350000, 0x00007f6458000000]
 total_blobs=1300 nmethods=817 adapters=398
 compilation: enabled

Compilation events (10 events):
Event: 2,422 Thread 0x00007f64580be800  812       3       java.security.ProtectionDomain$JavaSecurityAccessImpl::getCombinedACC (30 bytes)
Event: 2,423 Thread 0x00007f64580be800 nmethod 812 0x00007f644933fc90 code [0x00007f644933fe20, 0x00007f6449340318]
Event: 2,494 Thread 0x00007f64580be800  813       3       sun.java2d.SunGraphics2D::validateColor (102 bytes)
Event: 2,495 Thread 0x00007f64580be800 nmethod 813 0x00007f64493404d0 code [0x00007f6449340680, 0x00007f6449340c98]
Event: 2,495 Thread 0x00007f64580be800  814       3       sun.java2d.SurfaceData::pixelFor (13 bytes)
Event: 2,495 Thread 0x00007f64580be800 nmethod 814 0x00007f6449340e50 code [0x00007f6449340fc0, 0x00007f64493412c8]
Event: 2,552 Thread 0x00007f64580be800  816       1       sun.java2d.SurfaceData::getDefaultScale (2 bytes)
Event: 2,552 Thread 0x00007f64580be800 nmethod 816 0x00007f6449341410 code [0x00007f6449341560, 0x00007f6449341670]
Event: 2,552 Thread 0x00007f64580be800  817       1       javax.swing.RepaintManager::isDoubleBufferingEnabled (5 bytes)
Event: 2,552 Thread 0x00007f64580be800 nmethod 817 0x00007f64493416d0 code [0x00007f6449341820, 0x00007f6449341930]

GC Heap History (10 events):
Event: 1,280 GC heap after
Heap after GC invocations=4 (full 0):
 PSYoungGen      total 68608K, used 1410K [0x00000000d6d80000, 0x00000000db580000, 0x0000000100000000)
  eden space 63488K, 0% used [0x00000000d6d80000,0x00000000d6d80000,0x00000000dab80000)
  from space 5120K, 27% used [0x00000000db080000,0x00000000db1e0830,0x00000000db580000)
  to   space 5120K, 0% used [0x00000000dab80000,0x00000000dab80000,0x00000000db080000)
 ParOldGen       total 84992K, used 40K [0x0000000084800000, 0x0000000089b00000, 0x00000000d6d80000)
  object space 84992K, 0% used [0x0000000084800000,0x000000008480a000,0x0000000089b00000)
 Metaspace       used 9063K, capacity 9300K, committed 9600K, reserved 1058816K
  class space    used 998K, capacity 1096K, committed 1152K, reserved 1048576K
}
Event: 1,396 GC heap before
{Heap before GC invocations=5 (full 0):
 PSYoungGen      total 68608K, used 64898K [0x00000000d6d80000, 0x00000000db580000, 0x0000000100000000)
  eden space 63488K, 100% used [0x00000000d6d80000,0x00000000dab80000,0x00000000dab80000)
  from space 5120K, 27% used [0x00000000db080000,0x00000000db1e0830,0x00000000db580000)
  to   space 5120K, 0% used [0x00000000dab80000,0x00000000dab80000,0x00000000db080000)
 ParOldGen       total 84992K, used 40K [0x0000000084800000, 0x0000000089b00000, 0x00000000d6d80000)
  object space 84992K, 0% used [0x0000000084800000,0x000000008480a000,0x0000000089b00000)
 Metaspace       used 9064K, capacity 9300K, committed 9600K, reserved 1058816K
  class space    used 998K, capacity 1096K, committed 1152K, reserved 1048576K
Event: 1,399 GC heap after
Heap after GC invocations=5 (full 0):
 PSYoungGen      total 68608K, used 1362K [0x00000000d6d80000, 0x00000000ded80000, 0x0000000100000000)
  eden space 63488K, 0% used [0x00000000d6d80000,0x00000000d6d80000,0x00000000dab80000)
  from space 5120K, 26% used [0x00000000dab80000,0x00000000dacd4840,0x00000000db080000)
  to   space 2048K, 0% used [0x00000000deb80000,0x00000000deb80000,0x00000000ded80000)
 ParOldGen       total 84992K, used 40K [0x0000000084800000, 0x0000000089b00000, 0x00000000d6d80000)
  object space 84992K, 0% used [0x0000000084800000,0x000000008480a000,0x0000000089b00000)
 Metaspace       used 9064K, capacity 9300K, committed 9600K, reserved 1058816K
  class space    used 998K, capacity 1096K, committed 1152K, reserved 1048576K
}
Event: 1,666 GC heap before
{Heap before GC invocations=6 (full 0):
 PSYoungGen      total 68608K, used 64850K [0x00000000d6d80000, 0x00000000ded80000, 0x0000000100000000)
  eden space 63488K, 100% used [0x00000000d6d80000,0x00000000dab80000,0x00000000dab80000)
  from space 5120K, 26% used [0x00000000dab80000,0x00000000dacd4840,0x00000000db080000)
  to   space 2048K, 0% used [0x00000000deb80000,0x00000000deb80000,0x00000000ded80000)
 ParOldGen       total 84992K, used 40K [0x0000000084800000, 0x0000000089b00000, 0x00000000d6d80000)
  object space 84992K, 0% used [0x0000000084800000,0x000000008480a000,0x0000000089b00000)
 Metaspace       used 9066K, capacity 9300K, committed 9600K, reserved 1058816K
  class space    used 999K, capacity 1096K, committed 1152K, reserved 1048576K
Event: 1,679 GC heap after
Heap after GC invocations=6 (full 0):
 PSYoungGen      total 129024K, used 1378K [0x00000000d6d80000, 0x00000000ded80000, 0x0000000100000000)
  eden space 126976K, 0% used [0x00000000d6d80000,0x00000000d6d80000,0x00000000de980000)
  from space 2048K, 67% used [0x00000000deb80000,0x00000000decd8830,0x00000000ded80000)
  to   space 2048K, 0% used [0x00000000de980000,0x00000000de980000,0x00000000deb80000)
 ParOldGen       total 84992K, used 48K [0x0000000084800000, 0x0000000089b00000, 0x00000000d6d80000)
  object space 84992K, 0% used [0x0000000084800000,0x000000008480c000,0x0000000089b00000)
 Metaspace       used 9066K, capacity 9300K, committed 9600K, reserved 1058816K
  class space    used 999K, capacity 1096K, committed 1152K, reserved 1048576K
}
Event: 1,884 GC heap before
{Heap before GC invocations=7 (full 0):
 PSYoungGen      total 129024K, used 128354K [0x00000000d6d80000, 0x00000000ded80000, 0x0000000100000000)
  eden space 126976K, 100% used [0x00000000d6d80000,0x00000000de980000,0x00000000de980000)
  from space 2048K, 67% used [0x00000000deb80000,0x00000000decd8830,0x00000000ded80000)
  to   space 2048K, 0% used [0x00000000de980000,0x00000000de980000,0x00000000deb80000)
 ParOldGen       total 84992K, used 48K [0x0000000084800000, 0x0000000089b00000, 0x00000000d6d80000)
  object space 84992K, 0% used [0x0000000084800000,0x000000008480c000,0x0000000089b00000)
 Metaspace       used 9067K, capacity 9300K, committed 9600K, reserved 1058816K
  class space    used 999K, capacity 1096K, committed 1152K, reserved 1048576K
Event: 1,890 GC heap after
Heap after GC invocations=7 (full 0):
 PSYoungGen      total 129024K, used 192K [0x00000000d6d80000, 0x00000000e6980000, 0x0000000100000000)
  eden space 126976K, 0% used [0x00000000d6d80000,0x00000000d6d80000,0x00000000de980000)
  from space 2048K, 9% used [0x00000000de980000,0x00000000de9b0000,0x00000000deb80000)
  to   space 2048K, 0% used [0x00000000e6780000,0x00000000e6780000,0x00000000e6980000)
 ParOldGen       total 84992K, used 1308K [0x0000000084800000, 0x0000000089b00000, 0x00000000d6d80000)
  object space 84992K, 1% used [0x0000000084800000,0x0000000084947240,0x0000000089b00000)
 Metaspace       used 9067K, capacity 9300K, committed 9600K, reserved 1058816K
  class space    used 999K, capacity 1096K, committed 1152K, reserved 1048576K
}
Event: 2,074 GC heap before
{Heap before GC invocations=8 (full 0):
 PSYoungGen      total 129024K, used 127168K [0x00000000d6d80000, 0x00000000e6980000, 0x0000000100000000)
  eden space 126976K, 100% used [0x00000000d6d80000,0x00000000de980000,0x00000000de980000)
  from space 2048K, 9% used [0x00000000de980000,0x00000000de9b0000,0x00000000deb80000)
  to   space 2048K, 0% used [0x00000000e6780000,0x00000000e6780000,0x00000000e6980000)
 ParOldGen       total 84992K, used 1308K [0x0000000084800000, 0x0000000089b00000, 0x00000000d6d80000)
  object space 84992K, 1% used [0x0000000084800000,0x0000000084947240,0x0000000089b00000)
 Metaspace       used 9071K, capacity 9300K, committed 9600K, reserved 1058816K
  class space    used 999K, capacity 1096K, committed 1152K, reserved 1048576K
Event: 2,092 GC heap after
Heap after GC invocations=8 (full 0):
 PSYoungGen      total 256000K, used 128K [0x00000000d6d80000, 0x00000000e6980000, 0x0000000100000000)
  eden space 253952K, 0% used [0x00000000d6d80000,0x00000000d6d80000,0x00000000e6580000)
  from space 2048K, 6% used [0x00000000e6780000,0x00000000e67a0000,0x00000000e6980000)
  to   space 2048K, 0% used [0x00000000e6580000,0x00000000e6580000,0x00000000e6780000)
 ParOldGen       total 84992K, used 1356K [0x0000000084800000, 0x0000000089b00000, 0x00000000d6d80000)
  object space 84992K, 1% used [0x0000000084800000,0x0000000084953240,0x0000000089b00000)
 Metaspace       used 9071K, capacity 9300K, committed 9600K, reserved 1058816K
  class space    used 999K, capacity 1096K, committed 1152K, reserved 1048576K
}
Event: 2,556 GC heap before
{Heap before GC invocations=9 (full 0):
 PSYoungGen      total 256000K, used 254080K [0x00000000d6d80000, 0x00000000e6980000, 0x0000000100000000)
  eden space 253952K, 100% used [0x00000000d6d80000,0x00000000e6580000,0x00000000e6580000)
  from space 2048K, 6% used [0x00000000e6780000,0x00000000e67a0000,0x00000000e6980000)
  to   space 2048K, 0% used [0x00000000e6580000,0x00000000e6580000,0x00000000e6780000)
 ParOldGen       total 84992K, used 1356K [0x0000000084800000, 0x0000000089b00000, 0x00000000d6d80000)
  object space 84992K, 1% used [0x0000000084800000,0x0000000084953240,0x0000000089b00000)
 Metaspace       used 9080K, capacity 9300K, committed 9600K, reserved 1058816K
  class space    used 999K, capacity 1096K, committed 1152K, reserved 1048576K

Deoptimization events (10 events):
Event: 1,953 Thread 0x00007f6458294000 Uncommon trap: reason=unstable_if action=reinterpret pc=0x00007f64492950bc method=sun.java2d.pisces.PiscesCache.addRLERun(II)V @ 91
Event: 1,954 Thread 0x00007f6458294000 Uncommon trap: reason=unstable_if action=reinterpret pc=0x00007f64492ebb24 method=sun.java2d.pisces.PiscesTileGenerator.getAlpha([BII)V @ 35
Event: 1,954 Thread 0x00007f6458294000 Uncommon trap: reason=unstable_if action=reinterpret pc=0x00007f64492e878c method=sun.java2d.pisces.PiscesTileGenerator.getAlpha([BII)V @ 511
Event: 1,954 Thread 0x00007f6458294000 Uncommon trap: reason=unstable_if action=reinterpret pc=0x00007f64492759b4 method=sun.java2d.pisces.Helpers.widenArray([III)[I @ 5
Event: 2,007 Thread 0x00007f6458294000 Uncommon trap: reason=unstable_if action=reinterpret pc=0x00007f6449285338 method=sun.java2d.pisces.Renderer._endRendering(IIII)V @ 240
Event: 2,007 Thread 0x00007f6458294000 Uncommon trap: reason=unstable_if action=reinterpret pc=0x00007f6449319218 method=sun.java2d.pisces.PiscesCache.addRLERun(II)V @ 139
Event: 2,007 Thread 0x00007f6458294000 Uncommon trap: reason=unstable_if action=reinterpret pc=0x00007f6449314b88 method=sun.java2d.pisces.PiscesCache.addRLERun(II)V @ 139
Event: 2,041 Thread 0x00007f6458294000 Uncommon trap: reason=unstable_if action=reinterpret pc=0x00007f64493207c8 method=sun.java2d.pisces.PiscesCache.addRLERun(II)V @ 139
Event: 2,102 Thread 0x00007f6458294000 Uncommon trap: reason=unstable_if action=reinterpret pc=0x00007f6449313d6c method=sun.java2d.pisces.PiscesTileGenerator.getAlpha([BII)V @ 152
Event: 2,136 Thread 0x00007f6458294000 Uncommon trap: reason=unstable_if action=reinterpret pc=0x00007f64492940f8 method=sun.java2d.pisces.PiscesTileGenerator.getAlpha([BII)V @ 511

Internal exceptions (10 events):
Event: 0,084 Thread 0x00007f645800a000 Exception <a 'java/security/PrivilegedActionException'> (0x00000000d6e017e0) thrown at [/build/openjdk-8-8jAw7G/openjdk-8-8u111-b14/src/hotspot/src/share/vm/prims/jvm.cpp, line 1386]
Event: 0,084 Thread 0x00007f645800a000 Exception <a 'java/security/PrivilegedActionException'> (0x00000000d6e019f0) thrown at [/build/openjdk-8-8jAw7G/openjdk-8-8u111-b14/src/hotspot/src/share/vm/prims/jvm.cpp, line 1386]
Event: 0,084 Thread 0x00007f645800a000 Exception <a 'java/security/PrivilegedActionException'> (0x00000000d6e024c0) thrown at [/build/openjdk-8-8jAw7G/openjdk-8-8u111-b14/src/hotspot/src/share/vm/prims/jvm.cpp, line 1386]
Event: 0,084 Thread 0x00007f645800a000 Exception <a 'java/security/PrivilegedActionException'> (0x00000000d6e026d0) thrown at [/build/openjdk-8-8jAw7G/openjdk-8-8u111-b14/src/hotspot/src/share/vm/prims/jvm.cpp, line 1386]
Event: 0,120 Thread 0x00007f645800a000 Exception <a 'java/lang/NoSuchFieldError': method resolution failed> (0x00000000d6f6f100) thrown at [/build/openjdk-8-8jAw7G/openjdk-8-8u111-b14/src/hotspot/src/share/vm/prims/methodHandles.cpp, line 1146]
Event: 0,122 Thread 0x00007f645800a000 Exception <a 'java/lang/NoSuchFieldError': method resolution failed> (0x00000000d6f7c900) thrown at [/build/openjdk-8-8jAw7G/openjdk-8-8u111-b14/src/hotspot/src/share/vm/prims/methodHandles.cpp, line 1146]
Event: 0,144 Thread 0x00007f645800a000 Exception <a 'java/io/FileNotFoundException'> (0x00000000d6ffc0b0) thrown at [/build/openjdk-8-8jAw7G/openjdk-8-8u111-b14/src/hotspot/src/share/vm/prims/jni.cpp, line 709]
Event: 0,144 Thread 0x00007f645800a000 Exception <a 'java/io/FileNotFoundException'> (0x00000000d6ffcbc8) thrown at [/build/openjdk-8-8jAw7G/openjdk-8-8u111-b14/src/hotspot/src/share/vm/prims/jni.cpp, line 709]
Event: 0,175 Thread 0x00007f645800a000 Exception <a 'java/lang/ClassNotFoundException': sun/dc/DuctusRenderingEngine> (0x00000000d702e1d0) thrown at [/build/openjdk-8-8jAw7G/openjdk-8-8u111-b14/src/hotspot/src/share/vm/classfile/systemDictionary.cpp, line 210]
Event: 0,332 Thread 0x00007f6458294000 Implicit null exception at 0x00007f64491f7776 to 0x00007f64491f7b31

Events (10 events):
Event: 2,104 Thread 0x00007f6458294000 DEOPT PACKING pc=0x00007f64493171f8 sp=0x00007f64202f1590
Event: 2,104 Thread 0x00007f6458294000 DEOPT UNPACKING pc=0x00007f6449047373 sp=0x00007f64202f1298 mode 0
Event: 2,106 Thread 0x00007f6458294000 DEOPT PACKING pc=0x00007f64493171f8 sp=0x00007f64202f1590
Event: 2,106 Thread 0x00007f6458294000 DEOPT UNPACKING pc=0x00007f6449047373 sp=0x00007f64202f1298 mode 0
Event: 2,108 Thread 0x00007f6458294000 DEOPT PACKING pc=0x00007f64493171f8 sp=0x00007f64202f1590
Event: 2,108 Thread 0x00007f6458294000 DEOPT UNPACKING pc=0x00007f6449047373 sp=0x00007f64202f1298 mode 0
Event: 2,136 Thread 0x00007f6458294000 Uncommon trap: trap_request=0xffffff65 fr.pc=0x00007f64492940f8
Event: 2,136 Thread 0x00007f6458294000 DEOPT PACKING pc=0x00007f64492940f8 sp=0x00007f64202f14c0
Event: 2,136 Thread 0x00007f6458294000 DEOPT UNPACKING pc=0x00007f6449004f69 sp=0x00007f64202f1430 mode 2
Event: 2,556 Executing VM operation: ParallelGCFailedAllocation


Dynamic libraries:
00400000-00401000 r-xp 00000000 08:05 8618                               /usr/lib/jvm/java-8-openjdk-amd64/jre/bin/java
00600000-00601000 r--p 00000000 08:05 8618                               /usr/lib/jvm/java-8-openjdk-amd64/jre/bin/java
00601000-00602000 rw-p 00001000 08:05 8618                               /usr/lib/jvm/java-8-openjdk-amd64/jre/bin/java
01214000-01235000 rw-p 00000000 00:00 0                                  [heap]
84800000-89b00000 rw-p 00000000 00:00 0 
89b00000-d6d80000 ---p 00000000 00:00 0 
d6d80000-e6980000 rw-p 00000000 00:00 0 
efe80000-100000000 ---p 00000000 00:00 0 
100000000-100120000 rw-p 00000000 00:00 0 
100120000-140000000 ---p 00000000 00:00 0 
7f63e0000000-7f63e0021000 rw-p 00000000 00:00 0 
7f63e0021000-7f63e4000000 ---p 00000000 00:00 0 
7f63e4000000-7f63e403b000 rw-p 00000000 00:00 0 
7f63e403b000-7f63e8000000 ---p 00000000 00:00 0 
7f63ebe00000-7f63ebe40000 rw-p 00000000 00:00 0 
7f63ebe40000-7f63ec000000 ---p 00000000 00:00 0 
7f63ec000000-7f63ec021000 rw-p 00000000 00:00 0 
7f63ec021000-7f63f0000000 ---p 00000000 00:00 0 
7f63f0000000-7f63f0021000 rw-p 00000000 00:00 0 
7f63f0021000-7f63f4000000 ---p 00000000 00:00 0 
7f63f4000000-7f63f4021000 rw-p 00000000 00:00 0 
7f63f4021000-7f63f8000000 ---p 00000000 00:00 0 
7f63f8000000-7f63f8021000 rw-p 00000000 00:00 0 
7f63f8021000-7f63fc000000 ---p 00000000 00:00 0 
7f63fc000000-7f63fc2fa000 rw-p 00000000 00:00 0 
7f63fc2fa000-7f6400000000 ---p 00000000 00:00 0 
7f6400000000-7f6400021000 rw-p 00000000 00:00 0 
7f6400021000-7f6404000000 ---p 00000000 00:00 0 
7f6404000000-7f640420a000 rw-p 00000000 00:00 0 
7f640420a000-7f6408000000 ---p 00000000 00:00 0 
7f6408000000-7f640830f000 rw-p 00000000 00:00 0 
7f640830f000-7f640c000000 ---p 00000000 00:00 0 
7f640c000000-7f640c021000 rw-p 00000000 00:00 0 
7f640c021000-7f6410000000 ---p 00000000 00:00 0 
7f6410000000-7f64102f8000 rw-p 00000000 00:00 0 
7f64102f8000-7f6414000000 ---p 00000000 00:00 0 
7f6414000000-7f6414021000 rw-p 00000000 00:00 0 
7f6414021000-7f6418000000 ---p 00000000 00:00 0 
7f6418000000-7f6418021000 rw-p 00000000 00:00 0 
7f6418021000-7f641c000000 ---p 00000000 00:00 0 
7f641c000000-7f641c021000 rw-p 00000000 00:00 0 
7f641c021000-7f6420000000 ---p 00000000 00:00 0 
7f64200f3000-7f64200f6000 ---p 00000000 00:00 0 
7f64200f6000-7f64201f4000 rw-p 00000000 00:00 0 
7f64201f4000-7f64201f7000 ---p 00000000 00:00 0 
7f64201f7000-7f64202f5000 rw-p 00000000 00:00 0 
7f64202f5000-7f64202f8000 ---p 00000000 00:00 0 
7f64202f8000-7f64203f6000 rw-p 00000000 00:00 0 
7f64203f6000-7f64203f9000 ---p 00000000 00:00 0 
7f64203f9000-7f64204f7000 rw-p 00000000 00:00 0 
7f64204f7000-7f64204fc000 r-xp 00000000 08:05 3146341                    /usr/lib/x86_64-linux-gnu/libXfixes.so.3.1.0
7f64204fc000-7f64206fb000 ---p 00005000 08:05 3146341                    /usr/lib/x86_64-linux-gnu/libXfixes.so.3.1.0
7f64206fb000-7f64206fc000 r--p 00004000 08:05 3146341                    /usr/lib/x86_64-linux-gnu/libXfixes.so.3.1.0
7f64206fc000-7f64206fd000 rw-p 00005000 08:05 3146341                    /usr/lib/x86_64-linux-gnu/libXfixes.so.3.1.0
7f64206fd000-7f6420706000 r-xp 00000000 08:05 3154814                    /usr/lib/x86_64-linux-gnu/libXcursor.so.1.0.2
7f6420706000-7f6420905000 ---p 00009000 08:05 3154814                    /usr/lib/x86_64-linux-gnu/libXcursor.so.1.0.2
7f6420905000-7f6420906000 r--p 00008000 08:05 3154814                    /usr/lib/x86_64-linux-gnu/libXcursor.so.1.0.2
7f6420906000-7f6420907000 rw-p 00009000 08:05 3154814                    /usr/lib/x86_64-linux-gnu/libXcursor.so.1.0.2
7f6420907000-7f642090a000 ---p 00000000 00:00 0 
7f642090a000-7f6420a08000 rw-p 00000000 00:00 0 
7f6420a08000-7f6420a2c000 r-xp 00000000 08:05 1442142                    /lib/x86_64-linux-gnu/libpng12.so.0.54.0
7f6420a2c000-7f6420c2b000 ---p 00024000 08:05 1442142                    /lib/x86_64-linux-gnu/libpng12.so.0.54.0
7f6420c2b000-7f6420c2c000 r--p 00023000 08:05 1442142                    /lib/x86_64-linux-gnu/libpng12.so.0.54.0
7f6420c2c000-7f6420c2d000 rw-p 00024000 08:05 1442142                    /lib/x86_64-linux-gnu/libpng12.so.0.54.0
7f6420c2d000-7f6420cd1000 r-xp 00000000 08:05 3146800                    /usr/lib/x86_64-linux-gnu/libfreetype.so.6.12.1
7f6420cd1000-7f6420ed0000 ---p 000a4000 08:05 3146800                    /usr/lib/x86_64-linux-gnu/libfreetype.so.6.12.1
7f6420ed0000-7f6420ed6000 r--p 000a3000 08:05 3146800                    /usr/lib/x86_64-linux-gnu/libfreetype.so.6.12.1
7f6420ed6000-7f6420ed7000 rw-p 000a9000 08:05 3146800                    /usr/lib/x86_64-linux-gnu/libfreetype.so.6.12.1
7f6420f06000-7f6420f58000 r-xp 00000000 08:05 3817                       /usr/lib/jvm/java-8-openjdk-amd64/jre/lib/amd64/libfontmanager.so
7f6420f58000-7f6421158000 ---p 00052000 08:05 3817                       /usr/lib/jvm/java-8-openjdk-amd64/jre/lib/amd64/libfontmanager.so
7f6421158000-7f642115a000 r--p 00052000 08:05 3817                       /usr/lib/jvm/java-8-openjdk-amd64/jre/lib/amd64/libfontmanager.so
7f642115a000-7f642115b000 rw-p 00054000 08:05 3817                       /usr/lib/jvm/java-8-openjdk-amd64/jre/lib/amd64/libfontmanager.so
7f642115b000-7f6421160000 r-xp 00000000 08:05 3152173                    /usr/lib/x86_64-linux-gnu/libXdmcp.so.6.0.0
7f6421160000-7f642135f000 ---p 00005000 08:05 3152173                    /usr/lib/x86_64-linux-gnu/libXdmcp.so.6.0.0
7f642135f000-7f6421360000 r--p 00004000 08:05 3152173                    /usr/lib/x86_64-linux-gnu/libXdmcp.so.6.0.0
7f6421360000-7f6421361000 rw-p 00005000 08:05 3152173                    /usr/lib/x86_64-linux-gnu/libXdmcp.so.6.0.0
7f6421361000-7f6421363000 r-xp 00000000 08:05 3154807                    /usr/lib/x86_64-linux-gnu/libXau.so.6.0.0
7f6421363000-7f6421563000 ---p 00002000 08:05 3154807                    /usr/lib/x86_64-linux-gnu/libXau.so.6.0.0
7f6421563000-7f6421564000 r--p 00002000 08:05 3154807                    /usr/lib/x86_64-linux-gnu/libXau.so.6.0.0
7f6421564000-7f6421565000 rw-p 00003000 08:05 3154807                    /usr/lib/x86_64-linux-gnu/libXau.so.6.0.0
7f6421565000-7f6421586000 r-xp 00000000 08:05 3150267                    /usr/lib/x86_64-linux-gnu/libxcb.so.1.1.0
7f6421586000-7f6421785000 ---p 00021000 08:05 3150267                    /usr/lib/x86_64-linux-gnu/libxcb.so.1.1.0
7f6421785000-7f6421786000 r--p 00020000 08:05 3150267                    /usr/lib/x86_64-linux-gnu/libxcb.so.1.1.0
7f6421786000-7f6421787000 rw-p 00021000 08:05 3150267                    /usr/lib/x86_64-linux-gnu/libxcb.so.1.1.0
7f6421787000-7f6421796000 r-xp 00000000 08:05 3146127                    /usr/lib/x86_64-linux-gnu/libXi.so.6.1.0
7f6421796000-7f6421995000 ---p 0000f000 08:05 3146127                    /usr/lib/x86_64-linux-gnu/libXi.so.6.1.0
7f6421995000-7f6421996000 r--p 0000e000 08:05 3146127                    /usr/lib/x86_64-linux-gnu/libXi.so.6.1.0
7f6421996000-7f6421997000 rw-p 0000f000 08:05 3146127                    /usr/lib/x86_64-linux-gnu/libXi.so.6.1.0
7f6421997000-7f642199c000 r-xp 00000000 08:05 3154848                    /usr/lib/x86_64-linux-gnu/libXtst.so.6.1.0
7f642199c000-7f6421b9b000 ---p 00005000 08:05 3154848                    /usr/lib/x86_64-linux-gnu/libXtst.so.6.1.0
7f6421b9b000-7f6421b9c000 r--p 00004000 08:05 3154848                    /usr/lib/x86_64-linux-gnu/libXtst.so.6.1.0
7f6421b9c000-7f6421b9d000 rw-p 00005000 08:05 3154848                    /usr/lib/x86_64-linux-gnu/libXtst.so.6.1.0
7f6421b9d000-7f6421ba6000 r-xp 00000000 08:05 3155860                    /usr/lib/x86_64-linux-gnu/libXrender.so.1.3.0
7f6421ba6000-7f6421da5000 ---p 00009000 08:05 3155860                    /usr/lib/x86_64-linux-gnu/libXrender.so.1.3.0
7f6421da5000-7f6421da6000 r--p 00008000 08:05 3155860                    /usr/lib/x86_64-linux-gnu/libXrender.so.1.3.0
7f6421da6000-7f6421da7000 rw-p 00009000 08:05 3155860                    /usr/lib/x86_64-linux-gnu/libXrender.so.1.3.0
7f6421da7000-7f6421edc000 r-xp 00000000 08:05 3152215                    /usr/lib/x86_64-linux-gnu/libX11.so.6.3.0
7f6421edc000-7f64220dc000 ---p 00135000 08:05 3152215                    /usr/lib/x86_64-linux-gnu/libX11.so.6.3.0
7f64220dc000-7f64220dd000 r--p 00135000 08:05 3152215                    /usr/lib/x86_64-linux-gnu/libX11.so.6.3.0
7f64220dd000-7f64220e1000 rw-p 00136000 08:05 3152215                    /usr/lib/x86_64-linux-gnu/libX11.so.6.3.0
7f64220e1000-7f64220f2000 r-xp 00000000 08:05 3152220                    /usr/lib/x86_64-linux-gnu/libXext.so.6.4.0
7f64220f2000-7f64222f1000 ---p 00011000 08:05 3152220                    /usr/lib/x86_64-linux-gnu/libXext.so.6.4.0
7f64222f1000-7f64222f2000 r--p 00010000 08:05 3152220                    /usr/lib/x86_64-linux-gnu/libXext.so.6.4.0
7f64222f2000-7f64222f3000 rw-p 00011000 08:05 3152220                    /usr/lib/x86_64-linux-gnu/libXext.so.6.4.0
7f642230f000-7f6422322000 r--s 00346000 08:05 6173                       /usr/lib/jvm/java-8-openjdk-amd64/jre/lib/resources.jar
7f6422322000-7f6422376000 r-xp 00000000 08:05 6146                       /usr/lib/jvm/java-8-openjdk-amd64/jre/lib/amd64/libawt_xawt.so
7f6422376000-7f6422576000 ---p 00054000 08:05 6146                       /usr/lib/jvm/java-8-openjdk-amd64/jre/lib/amd64/libawt_xawt.so
7f6422576000-7f6422577000 r--p 00054000 08:05 6146                       /usr/lib/jvm/java-8-openjdk-amd64/jre/lib/amd64/libawt_xawt.so
7f6422577000-7f642257a000 rw-p 00055000 08:05 6146                       /usr/lib/jvm/java-8-openjdk-amd64/jre/lib/amd64/libawt_xawt.so
7f642257a000-7f642257b000 rw-p 00000000 00:00 0 
7f642257b000-7f642261b000 r-xp 00000000 08:05 6153                       /usr/lib/jvm/java-8-openjdk-amd64/jre/lib/amd64/libawt.so
7f642261b000-7f642281b000 ---p 000a0000 08:05 6153                       /usr/lib/jvm/java-8-openjdk-amd64/jre/lib/amd64/libawt.so
7f642281b000-7f642281c000 r--p 000a0000 08:05 6153                       /usr/lib/jvm/java-8-openjdk-amd64/jre/lib/amd64/libawt.so
7f642281c000-7f6422827000 rw-p 000a1000 08:05 6153                       /usr/lib/jvm/java-8-openjdk-amd64/jre/lib/amd64/libawt.so
7f6422827000-7f642284c000 rw-p 00000000 00:00 0 
7f642284c000-7f642284d000 ---p 00000000 00:00 0 
7f642284d000-7f642294d000 rw-p 00000000 00:00 0 
7f642294d000-7f6422950000 ---p 00000000 00:00 0 
7f6422950000-7f6422a4e000 rw-p 00000000 00:00 0 
7f6422a4e000-7f6422a51000 ---p 00000000 00:00 0 
7f6422a51000-7f6422b4f000 rw-p 00000000 00:00 0 
7f6422b4f000-7f6422b52000 ---p 00000000 00:00 0 
7f6422b52000-7f6422c50000 rw-p 00000000 00:00 0 
7f6422c50000-7f6422c53000 ---p 00000000 00:00 0 
7f6422c53000-7f6422d51000 rw-p 00000000 00:00 0 
7f6422d51000-7f6422d54000 ---p 00000000 00:00 0 
7f6422d54000-7f6422e52000 rw-p 00000000 00:00 0 
7f6422e52000-7f6422e55000 ---p 00000000 00:00 0 
7f6422e55000-7f6422f53000 rw-p 00000000 00:00 0 
7f6422f53000-7f6423230000 r--p 00000000 08:05 3146370                    /usr/lib/locale/locale-archive
7f6423230000-7f6423233000 ---p 00000000 00:00 0 
7f6423233000-7f6423331000 rw-p 00000000 00:00 0 
7f6423331000-7f6423334000 ---p 00000000 00:00 0 
7f6423334000-7f6423432000 rw-p 00000000 00:00 0 
7f6423432000-7f6423433000 ---p 00000000 00:00 0 
7f6423433000-7f6428000000 rw-p 00000000 00:00 0 
7f6428000000-7f6428021000 rw-p 00000000 00:00 0 
7f6428021000-7f642c000000 ---p 00000000 00:00 0 
7f642c000000-7f642c021000 rw-p 00000000 00:00 0 
7f642c021000-7f6430000000 ---p 00000000 00:00 0 
7f6430000000-7f6430021000 rw-p 00000000 00:00 0 
7f6430021000-7f6434000000 ---p 00000000 00:00 0 
7f6434000000-7f6434021000 rw-p 00000000 00:00 0 
7f6434021000-7f6438000000 ---p 00000000 00:00 0 
7f6438000000-7f6438021000 rw-p 00000000 00:00 0 
7f6438021000-7f643c000000 ---p 00000000 00:00 0 
7f643c000000-7f643c021000 rw-p 00000000 00:00 0 
7f643c021000-7f6440000000 ---p 00000000 00:00 0 
7f6440000000-7f6440021000 rw-p 00000000 00:00 0 
7f6440021000-7f6444000000 ---p 00000000 00:00 0 
7f6444000000-7f6444021000 rw-p 00000000 00:00 0 
7f6444021000-7f6448000000 ---p 00000000 00:00 0 
7f6448003000-7f6448029000 r--p 00000000 08:05 526106                     /usr/share/locale-langpack/fr/LC_MESSAGES/libc.mo
7f6448029000-7f6448044000 r--s 001d5000 08:05 6158                       /usr/lib/jvm/java-8-openjdk-amd64/jre/lib/ext/nashorn.jar
7f6448044000-7f644805f000 r--s 00394000 08:05 6157                       /usr/lib/jvm/java-8-openjdk-amd64/jre/lib/ext/cldrdata.jar
7f644805f000-7f6448e32000 rw-p 00000000 00:00 0 
7f6448e32000-7f6449000000 r--s 03bf1000 08:05 6176                       /usr/lib/jvm/java-8-openjdk-amd64/jre/lib/rt.jar
7f6449000000-7f6449350000 rwxp 00000000 00:00 0 
7f6449350000-7f6458000000 ---p 00000000 00:00 0 
7f6458000000-7f6458296000 rw-p 00000000 00:00 0 
7f6458296000-7f645c000000 ---p 00000000 00:00 0 
7f645c003000-7f645c00a000 r--s 00000000 08:05 3421191                    /usr/lib/x86_64-linux-gnu/gconv/gconv-modules.cache
7f645c00a000-7f645cdec000 rw-p 00000000 00:00 0 
7f645cdec000-7f645cded000 ---p 00000000 00:00 0 
7f645cded000-7f645ceed000 rw-p 00000000 00:00 0 
7f645ceed000-7f645ceee000 ---p 00000000 00:00 0 
7f645ceee000-7f645cfee000 rw-p 00000000 00:00 0 
7f645cfee000-7f645cfef000 ---p 00000000 00:00 0 
7f645cfef000-7f645d0ef000 rw-p 00000000 00:00 0 
7f645d0ef000-7f645d0f0000 ---p 00000000 00:00 0 
7f645d0f0000-7f645d1f0000 rw-p 00000000 00:00 0 
7f645d1f0000-7f645d1f1000 ---p 00000000 00:00 0 
7f645d1f1000-7f645d2f1000 rw-p 00000000 00:00 0 
7f645d2f1000-7f645d2f2000 ---p 00000000 00:00 0 
7f645d2f2000-7f645d3f2000 rw-p 00000000 00:00 0 
7f645d3f2000-7f645d3f3000 ---p 00000000 00:00 0 
7f645d3f3000-7f645d4f3000 rw-p 00000000 00:00 0 
7f645d4f3000-7f645d4f4000 ---p 00000000 00:00 0 
7f645d4f4000-7f645d61e000 rw-p 00000000 00:00 0 
7f645d61e000-7f645d887000 ---p 00000000 00:00 0 
7f645d887000-7f645d8b1000 rw-p 00000000 00:00 0 
7f645d8b1000-7f645db19000 ---p 00000000 00:00 0 
7f645db19000-7f645db98000 rw-p 00000000 00:00 0 
7f645db98000-7f645dc63000 ---p 00000000 00:00 0 
7f645dc63000-7f645dc72000 rw-p 00000000 00:00 0 
7f645dc72000-7f645e024000 ---p 00000000 00:00 0 
7f645e024000-7f645e02c000 r-xp 00000000 08:05 5886                       /usr/lib/jvm/java-8-openjdk-amd64/jre/lib/amd64/libzip.so
7f645e02c000-7f645e22b000 ---p 00008000 08:05 5886                       /usr/lib/jvm/java-8-openjdk-amd64/jre/lib/amd64/libzip.so
7f645e22b000-7f645e22c000 r--p 00007000 08:05 5886                       /usr/lib/jvm/java-8-openjdk-amd64/jre/lib/amd64/libzip.so
7f645e22c000-7f645e22d000 rw-p 00008000 08:05 5886                       /usr/lib/jvm/java-8-openjdk-amd64/jre/lib/amd64/libzip.so
7f645e22d000-7f645e238000 r-xp 00000000 08:05 1451919                    /lib/x86_64-linux-gnu/libnss_files-2.23.so
7f645e238000-7f645e437000 ---p 0000b000 08:05 1451919                    /lib/x86_64-linux-gnu/libnss_files-2.23.so
7f645e437000-7f645e438000 r--p 0000a000 08:05 1451919                    /lib/x86_64-linux-gnu/libnss_files-2.23.so
7f645e438000-7f645e439000 rw-p 0000b000 08:05 1451919                    /lib/x86_64-linux-gnu/libnss_files-2.23.so
7f645e439000-7f645e43f000 rw-p 00000000 00:00 0 
7f645e43f000-7f645e44a000 r-xp 00000000 08:05 1451904                    /lib/x86_64-linux-gnu/libnss_nis-2.23.so
7f645e44a000-7f645e649000 ---p 0000b000 08:05 1451904                    /lib/x86_64-linux-gnu/libnss_nis-2.23.so
7f645e649000-7f645e64a000 r--p 0000a000 08:05 1451904                    /lib/x86_64-linux-gnu/libnss_nis-2.23.so
7f645e64a000-7f645e64b000 rw-p 0000b000 08:05 1451904                    /lib/x86_64-linux-gnu/libnss_nis-2.23.so
7f645e64b000-7f645e661000 r-xp 00000000 08:05 1451915                    /lib/x86_64-linux-gnu/libnsl-2.23.so
7f645e661000-7f645e860000 ---p 00016000 08:05 1451915                    /lib/x86_64-linux-gnu/libnsl-2.23.so
7f645e860000-7f645e861000 r--p 00015000 08:05 1451915                    /lib/x86_64-linux-gnu/libnsl-2.23.so
7f645e861000-7f645e862000 rw-p 00016000 08:05 1451915                    /lib/x86_64-linux-gnu/libnsl-2.23.so
7f645e862000-7f645e864000 rw-p 00000000 00:00 0 
7f645e864000-7f645e86c000 r-xp 00000000 08:05 1451916                    /lib/x86_64-linux-gnu/libnss_compat-2.23.so
7f645e86c000-7f645ea6b000 ---p 00008000 08:05 1451916                    /lib/x86_64-linux-gnu/libnss_compat-2.23.so
7f645ea6b000-7f645ea6c000 r--p 00007000 08:05 1451916                    /lib/x86_64-linux-gnu/libnss_compat-2.23.so
7f645ea6c000-7f645ea6d000 rw-p 00008000 08:05 1451916                    /lib/x86_64-linux-gnu/libnss_compat-2.23.so
7f645ea6d000-7f645ea9a000 r-xp 00000000 08:05 5878                       /usr/lib/jvm/java-8-openjdk-amd64/jre/lib/amd64/libjava.so
7f645ea9a000-7f645ec99000 ---p 0002d000 08:05 5878                       /usr/lib/jvm/java-8-openjdk-amd64/jre/lib/amd64/libjava.so
7f645ec99000-7f645ec9a000 r--p 0002c000 08:05 5878                       /usr/lib/jvm/java-8-openjdk-amd64/jre/lib/amd64/libjava.so
7f645ec9a000-7f645ec9c000 rw-p 0002d000 08:05 5878                       /usr/lib/jvm/java-8-openjdk-amd64/jre/lib/amd64/libjava.so
7f645ec9c000-7f645ecab000 r-xp 00000000 08:05 5884                       /usr/lib/jvm/java-8-openjdk-amd64/jre/lib/amd64/libverify.so
7f645ecab000-7f645eeaa000 ---p 0000f000 08:05 5884                       /usr/lib/jvm/java-8-openjdk-amd64/jre/lib/amd64/libverify.so
7f645eeaa000-7f645eeac000 r--p 0000e000 08:05 5884                       /usr/lib/jvm/java-8-openjdk-amd64/jre/lib/amd64/libverify.so
7f645eeac000-7f645eead000 rw-p 00010000 08:05 5884                       /usr/lib/jvm/java-8-openjdk-amd64/jre/lib/amd64/libverify.so
7f645eead000-7f645eeb4000 r-xp 00000000 08:05 1451903                    /lib/x86_64-linux-gnu/librt-2.23.so
7f645eeb4000-7f645f0b3000 ---p 00007000 08:05 1451903                    /lib/x86_64-linux-gnu/librt-2.23.so
7f645f0b3000-7f645f0b4000 r--p 00006000 08:05 1451903                    /lib/x86_64-linux-gnu/librt-2.23.so
7f645f0b4000-7f645f0b5000 rw-p 00007000 08:05 1451903                    /lib/x86_64-linux-gnu/librt-2.23.so
7f645f0b5000-7f645f0cb000 r-xp 00000000 08:05 1442144                    /lib/x86_64-linux-gnu/libgcc_s.so.1
7f645f0cb000-7f645f2ca000 ---p 00016000 08:05 1442144                    /lib/x86_64-linux-gnu/libgcc_s.so.1
7f645f2ca000-7f645f2cb000 rw-p 00015000 08:05 1442144                    /lib/x86_64-linux-gnu/libgcc_s.so.1
7f645f2cb000-7f645f3d3000 r-xp 00000000 08:05 1451913                    /lib/x86_64-linux-gnu/libm-2.23.so
7f645f3d3000-7f645f5d2000 ---p 00108000 08:05 1451913                    /lib/x86_64-linux-gnu/libm-2.23.so
7f645f5d2000-7f645f5d3000 r--p 00107000 08:05 1451913                    /lib/x86_64-linux-gnu/libm-2.23.so
7f645f5d3000-7f645f5d4000 rw-p 00108000 08:05 1451913                    /lib/x86_64-linux-gnu/libm-2.23.so
7f645f5d4000-7f645f746000 r-xp 00000000 08:05 3146165                    /usr/lib/x86_64-linux-gnu/libstdc++.so.6.0.21
7f645f746000-7f645f946000 ---p 00172000 08:05 3146165                    /usr/lib/x86_64-linux-gnu/libstdc++.so.6.0.21
7f645f946000-7f645f950000 r--p 00172000 08:05 3146165                    /usr/lib/x86_64-linux-gnu/libstdc++.so.6.0.21
7f645f950000-7f645f952000 rw-p 0017c000 08:05 3146165                    /usr/lib/x86_64-linux-gnu/libstdc++.so.6.0.21
7f645f952000-7f645f956000 rw-p 00000000 00:00 0 
7f645f956000-7f64605a5000 r-xp 00000000 08:05 6129                       /usr/lib/jvm/java-8-openjdk-amd64/jre/lib/amd64/server/libjvm.so
7f64605a5000-7f64607a4000 ---p 00c4f000 08:05 6129                       /usr/lib/jvm/java-8-openjdk-amd64/jre/lib/amd64/server/libjvm.so
7f64607a4000-7f6460837000 r--p 00c4e000 08:05 6129                       /usr/lib/jvm/java-8-openjdk-amd64/jre/lib/amd64/server/libjvm.so
7f6460837000-7f6460860000 rw-p 00ce1000 08:05 6129                       /usr/lib/jvm/java-8-openjdk-amd64/jre/lib/amd64/server/libjvm.so
7f6460860000-7f6460890000 rw-p 00000000 00:00 0 
7f6460890000-7f64608a8000 r-xp 00000000 08:05 1451914                    /lib/x86_64-linux-gnu/libpthread-2.23.so
7f64608a8000-7f6460aa7000 ---p 00018000 08:05 1451914                    /lib/x86_64-linux-gnu/libpthread-2.23.so
7f6460aa7000-7f6460aa8000 r--p 00017000 08:05 1451914                    /lib/x86_64-linux-gnu/libpthread-2.23.so
7f6460aa8000-7f6460aa9000 rw-p 00018000 08:05 1451914                    /lib/x86_64-linux-gnu/libpthread-2.23.so
7f6460aa9000-7f6460aad000 rw-p 00000000 00:00 0 
7f6460aad000-7f6460ab0000 r-xp 00000000 08:05 1451907                    /lib/x86_64-linux-gnu/libdl-2.23.so
7f6460ab0000-7f6460caf000 ---p 00003000 08:05 1451907                    /lib/x86_64-linux-gnu/libdl-2.23.so
7f6460caf000-7f6460cb0000 r--p 00002000 08:05 1451907                    /lib/x86_64-linux-gnu/libdl-2.23.so
7f6460cb0000-7f6460cb1000 rw-p 00003000 08:05 1451907                    /lib/x86_64-linux-gnu/libdl-2.23.so
7f6460cb1000-7f6460cca000 r-xp 00000000 08:05 1442019                    /lib/x86_64-linux-gnu/libz.so.1.2.8
7f6460cca000-7f6460ec9000 ---p 00019000 08:05 1442019                    /lib/x86_64-linux-gnu/libz.so.1.2.8
7f6460ec9000-7f6460eca000 r--p 00018000 08:05 1442019                    /lib/x86_64-linux-gnu/libz.so.1.2.8
7f6460eca000-7f6460ecb000 rw-p 00019000 08:05 1442019                    /lib/x86_64-linux-gnu/libz.so.1.2.8
7f6460ecb000-7f646108a000 r-xp 00000000 08:05 1451908                    /lib/x86_64-linux-gnu/libc-2.23.so
7f646108a000-7f646128a000 ---p 001bf000 08:05 1451908                    /lib/x86_64-linux-gnu/libc-2.23.so
7f646128a000-7f646128e000 r--p 001bf000 08:05 1451908                    /lib/x86_64-linux-gnu/libc-2.23.so
7f646128e000-7f6461290000 rw-p 001c3000 08:05 1451908                    /lib/x86_64-linux-gnu/libc-2.23.so
7f6461290000-7f6461294000 rw-p 00000000 00:00 0 
7f6461294000-7f64612a1000 r-xp 00000000 08:05 5882                       /usr/lib/jvm/java-8-openjdk-amd64/jre/lib/amd64/jli/libjli.so
7f64612a1000-7f64614a1000 ---p 0000d000 08:05 5882                       /usr/lib/jvm/java-8-openjdk-amd64/jre/lib/amd64/jli/libjli.so
7f64614a1000-7f64614a2000 r--p 0000d000 08:05 5882                       /usr/lib/jvm/java-8-openjdk-amd64/jre/lib/amd64/jli/libjli.so
7f64614a2000-7f64614a3000 rw-p 0000e000 08:05 5882                       /usr/lib/jvm/java-8-openjdk-amd64/jre/lib/amd64/jli/libjli.so
7f64614a3000-7f64614c9000 r-xp 00000000 08:05 1441881                    /lib/x86_64-linux-gnu/ld-2.23.so
7f64614cf000-7f64614d1000 r--s 00008000 08:05 6162                       /usr/lib/jvm/java-8-openjdk-amd64/jre/lib/ext/sunec.jar
7f64614d1000-7f64614d6000 r--s 0003b000 08:05 6159                       /usr/lib/jvm/java-8-openjdk-amd64/jre/lib/ext/sunjce_provider.jar
7f64614d6000-7f64614d8000 r--s 00001000 08:05 6166                       /usr/lib/jvm/java-8-openjdk-amd64/jre/lib/ext/dnsns.jar
7f64614d8000-7f64614d9000 r--s 0000a000 08:05 6161                       /usr/lib/jvm/java-8-openjdk-amd64/jre/lib/ext/jaccess.jar
7f64614d9000-7f64614dd000 r--s 00037000 08:05 6160                       /usr/lib/jvm/java-8-openjdk-amd64/jre/lib/ext/sunpkcs11.jar
7f64614dd000-7f64614e7000 r--s 00116000 08:05 6163                       /usr/lib/jvm/java-8-openjdk-amd64/jre/lib/ext/localedata.jar
7f64614e7000-7f6461591000 rw-p 00000000 00:00 0 
7f6461591000-7f6461594000 ---p 00000000 00:00 0 
7f6461594000-7f6461697000 rw-p 00000000 00:00 0 
7f6461697000-7f646169a000 r--s 0000f000 08:05 6165                       /usr/lib/jvm/java-8-openjdk-amd64/jre/lib/ext/icedtea-sound.jar
7f646169a000-7f646169b000 r--s 00010000 08:05 6164                       /usr/lib/jvm/java-8-openjdk-amd64/jre/lib/ext/zipfs.jar
7f646169b000-7f64616bc000 rw-p 00000000 00:00 0 
7f64616bc000-7f64616c4000 rw-s 00000000 08:05 3014743                    /tmp/hsperfdata_masterl/8966
7f64616c4000-7f64616c5000 rw-p 00000000 00:00 0 
7f64616c5000-7f64616c6000 ---p 00000000 00:00 0 
7f64616c6000-7f64616c8000 rw-p 00000000 00:00 0 
7f64616c8000-7f64616c9000 r--p 00025000 08:05 1441881                    /lib/x86_64-linux-gnu/ld-2.23.so
7f64616c9000-7f64616ca000 rw-p 00026000 08:05 1441881                    /lib/x86_64-linux-gnu/ld-2.23.so
7f64616ca000-7f64616cb000 rw-p 00000000 00:00 0 
7ffe3ec1c000-7ffe3ec3d000 rw-p 00000000 00:00 0                          [stack]
7ffe3eda7000-7ffe3eda9000 r--p 00000000 00:00 0                          [vvar]
7ffe3eda9000-7ffe3edab000 r-xp 00000000 00:00 0                          [vdso]
ffffffffff600000-ffffffffff601000 r-xp 00000000 00:00 0                  [vsyscall]

VM Arguments:
jvm_args: -Dfile.encoding=UTF-8 
java_command: maze.Main
java_class_path (initial): /home/masterl/workspace/labylast/LabyrintheLast/bin
Launcher Type: SUN_STANDARD

Environment Variables:
PATH=/usr/local/sbin:/usr/local/bin:/usr/sbin:/usr/bin:/sbin:/bin:/usr/games:/usr/local/games:/home/masterl/Téléchargements/android2.2/android-studio/bin:/snap/bin
SHELL=/bin/zsh
DISPLAY=:0

Signal Handlers:
SIGSEGV: [libjvm.so+0xa65880], sa_mask[0]=11111111011111111101111111111110, sa_flags=SA_RESTART|SA_SIGINFO
SIGBUS: [libjvm.so+0xa65880], sa_mask[0]=11111111011111111101111111111110, sa_flags=SA_RESTART|SA_SIGINFO
SIGFPE: [libjvm.so+0x8af1c0], sa_mask[0]=11111111011111111101111111111110, sa_flags=SA_RESTART|SA_SIGINFO
SIGPIPE: [libjvm.so+0x8af1c0], sa_mask[0]=11111111011111111101111111111110, sa_flags=SA_RESTART|SA_SIGINFO
SIGXFSZ: [libjvm.so+0x8af1c0], sa_mask[0]=11111111011111111101111111111110, sa_flags=SA_RESTART|SA_SIGINFO
SIGILL: [libjvm.so+0x8af1c0], sa_mask[0]=11111111011111111101111111111110, sa_flags=SA_RESTART|SA_SIGINFO
SIGUSR1: SIG_DFL, sa_mask[0]=00000000000000000000000000000000, sa_flags=none
SIGUSR2: [libjvm.so+0x8af070], sa_mask[0]=00100000000000000000000000000000, sa_flags=SA_RESTART|SA_SIGINFO
SIGHUP: [libjvm.so+0x8af540], sa_mask[0]=11111111011111111101111111111110, sa_flags=SA_RESTART|SA_SIGINFO
SIGINT: [libjvm.so+0x8af540], sa_mask[0]=11111111011111111101111111111110, sa_flags=SA_RESTART|SA_SIGINFO
SIGTERM: [libjvm.so+0x8af540], sa_mask[0]=11111111011111111101111111111110, sa_flags=SA_RESTART|SA_SIGINFO
SIGQUIT: [libjvm.so+0x8af540], sa_mask[0]=11111111011111111101111111111110, sa_flags=SA_RESTART|SA_SIGINFO


---------------  S Y S T E M  ---------------

OS:DISTRIB_ID=Ubuntu
DISTRIB_RELEASE=16.04
DISTRIB_CODENAME=xenial
DISTRIB_DESCRIPTION="Ubuntu 16.04.1 LTS"

uname:Linux 4.4.0-59-generic #80-Ubuntu SMP Fri Jan 6 17:47:47 UTC 2017 x86_64
libc:glibc 2.23 NPTL 2.23 
rlimit: STACK 8192k, CORE 0k, NPROC 31421, NOFILE 65536, AS infinity
load average:2,02 1,09 0,79

/proc/meminfo:
MemTotal:        8090736 kB
MemFree:          128456 kB
MemAvailable:      54004 kB
Buffers:             796 kB
Cached:           820556 kB
SwapCached:            0 kB
Active:          7030200 kB
Inactive:         689460 kB
Active(anon):    6993960 kB
Inactive(anon):   654124 kB
Active(file):      36240 kB
Inactive(file):    35336 kB
Unevictable:          32 kB
Mlocked:              32 kB
SwapTotal:             0 kB
SwapFree:              0 kB
Dirty:               476 kB
Writeback:             0 kB
AnonPages:       6897708 kB
Mapped:           306164 kB
Shmem:            750680 kB
Slab:             104380 kB
SReclaimable:      51516 kB
SUnreclaim:        52864 kB
KernelStack:       15280 kB
PageTables:        62712 kB
NFS_Unstable:          0 kB
Bounce:                0 kB
WritebackTmp:          0 kB
CommitLimit:     4045368 kB
Committed_AS:   11532016 kB
VmallocTotal:   34359738367 kB
VmallocUsed:           0 kB
VmallocChunk:          0 kB
HardwareCorrupted:     0 kB
AnonHugePages:   3715072 kB
CmaTotal:              0 kB
CmaFree:               0 kB
HugePages_Total:       0
HugePages_Free:        0
HugePages_Rsvd:        0
HugePages_Surp:        0
Hugepagesize:       2048 kB
DirectMap4k:      157800 kB
DirectMap2M:     7098368 kB
DirectMap1G:     1048576 kB


CPU:total 8 (4 cores per cpu, 2 threads per core) family 6 model 60 stepping 3, cmov, cx8, fxsr, mmx, sse, sse2, sse3, ssse3, sse4.1, sse4.2, popcnt, avx, avx2, aes, clmul, erms, lzcnt, ht, tsc, tscinvbit, bmi1, bmi2

/proc/cpuinfo:
processor	: 0
vendor_id	: GenuineIntel
cpu family	: 6
model		: 60
model name	: Intel(R) Core(TM) i7-4720HQ CPU @ 2.60GHz
stepping	: 3
microcode	: 0x1c
cpu MHz		: 3032.148
cache size	: 6144 KB
physical id	: 0
siblings	: 8
core id		: 0
cpu cores	: 4
apicid		: 0
initial apicid	: 0
fpu		: yes
fpu_exception	: yes
cpuid level	: 13
wp		: yes
flags		: fpu vme de pse tsc msr pae mce cx8 apic sep mtrr pge mca cmov pat pse36 clflush dts acpi mmx fxsr sse sse2 ss ht tm pbe syscall nx pdpe1gb rdtscp lm constant_tsc arch_perfmon pebs bts rep_good nopl xtopology nonstop_tsc aperfmperf eagerfpu pni pclmulqdq dtes64 monitor ds_cpl vmx est tm2 ssse3 sdbg fma cx16 xtpr pdcm pcid sse4_1 sse4_2 x2apic movbe popcnt tsc_deadline_timer aes xsave avx f16c rdrand lahf_lm abm epb tpr_shadow vnmi flexpriority ept vpid fsgsbase tsc_adjust bmi1 avx2 smep bmi2 erms invpcid xsaveopt dtherm ida arat pln pts
bugs		:
bogomips	: 5188.46
clflush size	: 64
cache_alignment	: 64
address sizes	: 39 bits physical, 48 bits virtual
power management:

processor	: 1
vendor_id	: GenuineIntel
cpu family	: 6
model		: 60
model name	: Intel(R) Core(TM) i7-4720HQ CPU @ 2.60GHz
stepping	: 3
microcode	: 0x1c
cpu MHz		: 3362.937
cache size	: 6144 KB
physical id	: 0
siblings	: 8
core id		: 1
cpu cores	: 4
apicid		: 2
initial apicid	: 2
fpu		: yes
fpu_exception	: yes
cpuid level	: 13
wp		: yes
flags		: fpu vme de pse tsc msr pae mce cx8 apic sep mtrr pge mca cmov pat pse36 clflush dts acpi mmx fxsr sse sse2 ss ht tm pbe syscall nx pdpe1gb rdtscp lm constant_tsc arch_perfmon pebs bts rep_good nopl xtopology nonstop_tsc aperfmperf eagerfpu pni pclmulqdq dtes64 monitor ds_cpl vmx est tm2 ssse3 sdbg fma cx16 xtpr pdcm pcid sse4_1 sse4_2 x2apic movbe popcnt tsc_deadline_timer aes xsave avx f16c rdrand lahf_lm abm epb tpr_shadow vnmi flexpriority ept vpid fsgsbase tsc_adjust bmi1 avx2 smep bmi2 erms invpcid xsaveopt dtherm ida arat pln pts
bugs		:
bogomips	: 5188.46
clflush size	: 64
cache_alignment	: 64
address sizes	: 39 bits physical, 48 bits virtual
power management:

processor	: 2
vendor_id	: GenuineIntel
cpu family	: 6
model		: 60
model name	: Intel(R) Core(TM) i7-4720HQ CPU @ 2.60GHz
stepping	: 3
microcode	: 0x1c
cpu MHz		: 3428.953
cache size	: 6144 KB
physical id	: 0
siblings	: 8
core id		: 2
cpu cores	: 4
apicid		: 4
initial apicid	: 4
fpu		: yes
fpu_exception	: yes
cpuid level	: 13
wp		: yes
flags		: fpu vme de pse tsc msr pae mce cx8 apic sep mtrr pge mca cmov pat pse36 clflush dts acpi mmx fxsr sse sse2 ss ht tm pbe syscall nx pdpe1gb rdtscp lm constant_tsc arch_perfmon pebs bts rep_good nopl xtopology nonstop_tsc aperfmperf eagerfpu pni pclmulqdq dtes64 monitor ds_cpl vmx est tm2 ssse3 sdbg fma cx16 xtpr pdcm pcid sse4_1 sse4_2 x2apic movbe popcnt tsc_deadline_timer aes xsave avx f16c rdrand lahf_lm abm epb tpr_shadow vnmi flexpriority ept vpid fsgsbase tsc_adjust bmi1 avx2 smep bmi2 erms invpcid xsaveopt dtherm ida arat pln pts
bugs		:
bogomips	: 5188.46
clflush size	: 64
cache_alignment	: 64
address sizes	: 39 bits physical, 48 bits virtual
power management:

processor	: 3
vendor_id	: GenuineIntel
cpu family	: 6
model		: 60
model name	: Intel(R) Core(TM) i7-4720HQ CPU @ 2.60GHz
stepping	: 3
microcode	: 0x1c
cpu MHz		: 3406.812
cache size	: 6144 KB
physical id	: 0
siblings	: 8
core id		: 3
cpu cores	: 4
apicid		: 6
initial apicid	: 6
fpu		: yes
fpu_exception	: yes
cpuid level	: 13
wp		: yes
flags		: fpu vme de pse tsc msr pae mce cx8 apic sep mtrr pge mca cmov pat pse36 clflush dts acpi mmx fxsr sse sse2 ss ht tm pbe syscall nx pdpe1gb rdtscp lm constant_tsc arch_perfmon pebs bts rep_good nopl xtopology nonstop_tsc aperfmperf eagerfpu pni pclmulqdq dtes64 monitor ds_cpl vmx est tm2 ssse3 sdbg fma cx16 xtpr pdcm pcid sse4_1 sse4_2 x2apic movbe popcnt tsc_deadline_timer aes xsave avx f16c rdrand lahf_lm abm epb tpr_shadow vnmi flexpriority ept vpid fsgsbase tsc_adjust bmi1 avx2 smep bmi2 erms invpcid xsaveopt dtherm ida arat pln pts
bugs		:
bogomips	: 5188.46
clflush size	: 64
cache_alignment	: 64
address sizes	: 39 bits physical, 48 bits virtual
power management:

processor	: 4
vendor_id	: GenuineIntel
cpu family	: 6
model		: 60
model name	: Intel(R) Core(TM) i7-4720HQ CPU @ 2.60GHz
stepping	: 3
microcode	: 0x1c
cpu MHz		: 3357.656
cache size	: 6144 KB
physical id	: 0
siblings	: 8
core id		: 0
cpu cores	: 4
apicid		: 1
initial apicid	: 1
fpu		: yes
fpu_exception	: yes
cpuid level	: 13
wp		: yes
flags		: fpu vme de pse tsc msr pae mce cx8 apic sep mtrr pge mca cmov pat pse36 clflush dts acpi mmx fxsr sse sse2 ss ht tm pbe syscall nx pdpe1gb rdtscp lm constant_tsc arch_perfmon pebs bts rep_good nopl xtopology nonstop_tsc aperfmperf eagerfpu pni pclmulqdq dtes64 monitor ds_cpl vmx est tm2 ssse3 sdbg fma cx16 xtpr pdcm pcid sse4_1 sse4_2 x2apic movbe popcnt tsc_deadline_timer aes xsave avx f16c rdrand lahf_lm abm epb tpr_shadow vnmi flexpriority ept vpid fsgsbase tsc_adjust bmi1 avx2 smep bmi2 erms invpcid xsaveopt dtherm ida arat pln pts
bugs		:
bogomips	: 5188.46
clflush size	: 64
cache_alignment	: 64
address sizes	: 39 bits physical, 48 bits virtual
power management:

processor	: 5
vendor_id	: GenuineIntel
cpu family	: 6
model		: 60
model name	: Intel(R) Core(TM) i7-4720HQ CPU @ 2.60GHz
stepping	: 3
microcode	: 0x1c
cpu MHz		: 3397.367
cache size	: 6144 KB
physical id	: 0
siblings	: 8
core id		: 1
cpu cores	: 4
apicid		: 3
initial apicid	: 3
fpu		: yes
fpu_exception	: yes
cpuid level	: 13
wp		: yes
flags		: fpu vme de pse tsc msr pae mce cx8 apic sep mtrr pge mca cmov pat pse36 clflush dts acpi mmx fxsr sse sse2 ss ht tm pbe syscall nx pdpe1gb rdtscp lm constant_tsc arch_perfmon pebs bts rep_good nopl xtopology nonstop_tsc aperfmperf eagerfpu pni pclmulqdq dtes64 monitor ds_cpl vmx est tm2 ssse3 sdbg fma cx16 xtpr pdcm pcid sse4_1 sse4_2 x2apic movbe popcnt tsc_deadline_timer aes xsave avx f16c rdrand lahf_lm abm epb tpr_shadow vnmi flexpriority ept vpid fsgsbase tsc_adjust bmi1 avx2 smep bmi2 erms invpcid xsaveopt dtherm ida arat pln pts
bugs		:
bogomips	: 5188.46
clflush size	: 64
cache_alignment	: 64
address sizes	: 39 bits physical, 48 bits virtual
power management:

processor	: 6
vendor_id	: GenuineIntel
cpu family	: 6
model		: 60
model name	: Intel(R) Core(TM) i7-4720HQ CPU @ 2.60GHz
stepping	: 3
microcode	: 0x1c
cpu MHz		: 3447.132
cache size	: 6144 KB
physical id	: 0
siblings	: 8
core id		: 2
cpu cores	: 4
apicid		: 5
initial apicid	: 5
fpu		: yes
fpu_exception	: yes
cpuid level	: 13
wp		: yes
flags		: fpu vme de pse tsc msr pae mce cx8 apic sep mtrr pge mca cmov pat pse36 clflush dts acpi mmx fxsr sse sse2 ss ht tm pbe syscall nx pdpe1gb rdtscp lm constant_tsc arch_perfmon pebs bts rep_good nopl xtopology nonstop_tsc aperfmperf eagerfpu pni pclmulqdq dtes64 monitor ds_cpl vmx est tm2 ssse3 sdbg fma cx16 xtpr pdcm pcid sse4_1 sse4_2 x2apic movbe popcnt tsc_deadline_timer aes xsave avx f16c rdrand lahf_lm abm epb tpr_shadow vnmi flexpriority ept vpid fsgsbase tsc_adjust bmi1 avx2 smep bmi2 erms invpcid xsaveopt dtherm ida arat pln pts
bugs		:
bogomips	: 5188.46
clflush size	: 64
cache_alignment	: 64
address sizes	: 39 bits physical, 48 bits virtual
power management:

processor	: 7
vendor_id	: GenuineIntel
cpu family	: 6
model		: 60
model name	: Intel(R) Core(TM) i7-4720HQ CPU @ 2.60GHz
stepping	: 3
microcode	: 0x1c
cpu MHz		: 3326.578
cache size	: 6144 KB
physical id	: 0
siblings	: 8
core id		: 3
cpu cores	: 4
apicid		: 7
initial apicid	: 7
fpu		: yes
fpu_exception	: yes
cpuid level	: 13
wp		: yes
flags		: fpu vme de pse tsc msr pae mce cx8 apic sep mtrr pge mca cmov pat pse36 clflush dts acpi mmx fxsr sse sse2 ss ht tm pbe syscall nx pdpe1gb rdtscp lm constant_tsc arch_perfmon pebs bts rep_good nopl xtopology nonstop_tsc aperfmperf eagerfpu pni pclmulqdq dtes64 monitor ds_cpl vmx est tm2 ssse3 sdbg fma cx16 xtpr pdcm pcid sse4_1 sse4_2 x2apic movbe popcnt tsc_deadline_timer aes xsave avx f16c rdrand lahf_lm abm epb tpr_shadow vnmi flexpriority ept vpid fsgsbase tsc_adjust bmi1 avx2 smep bmi2 erms invpcid xsaveopt dtherm ida arat pln pts
bugs		:
bogomips	: 5188.46
clflush size	: 64
cache_alignment	: 64
address sizes	: 39 bits physical, 48 bits virtual
power management:



Memory: 4k page, physical 8090736k(128456k free), swap 0k(0k free)

vm_info: OpenJDK 64-Bit Server VM (25.111-b14) for linux-amd64 JRE (1.8.0_111-8u111-b14-2ubuntu0.16.04.2-b14), built on Oct 27 2016 18:10:19 by "buildd" with gcc 5.4.0 20160609

time: Sun Jan 15 13:43:39 2017
elapsed time: 2 seconds (0d 0h 0m 2s)

