#
# There is insufficient memory for the Java Runtime Environment to continue.
# Native memory allocation (mmap) failed to map 155713536 bytes for committing reserved memory.
# Possible reasons:
#   The system is out of physical RAM or swap space
#   In 32 bit mode, the process size limit was hit
# Possible solutions:
#   Reduce memory load on the system
#   Increase physical memory or swap space
#   Check if swap backing store is full
#   Use 64 bit Java on a 64 bit OS
#   Decrease Java heap size (-Xmx/-Xms)
#   Decrease number of Java threads
#   Decrease Java thread stack sizes (-Xss)
#   Set larger code cache with -XX:ReservedCodeCacheSize=
# This output file may be truncated or incomplete.
#
#  Out of Memory Error (os_linux.cpp:2630), pid=9143, tid=0x00007f0e94646700
#
# JRE version: OpenJDK Runtime Environment (8.0_111-b14) (build 1.8.0_111-8u111-b14-2ubuntu0.16.04.2-b14)
# Java VM: OpenJDK 64-Bit Server VM (25.111-b14 mixed mode linux-amd64 compressed oops)
# Failed to write core dump. Core dumps have been disabled. To enable core dumping, try "ulimit -c unlimited" before starting Java again
#

---------------  T H R E A D  ---------------

Current thread (0x00007f0ea807f800):  VMThread [stack: 0x00007f0e94546000,0x00007f0e94647000] [id=9157]

Stack: [0x00007f0e94546000,0x00007f0e94647000],  sp=0x00007f0e946454c0,  free space=1021k
Native frames: (J=compiled Java code, j=interpreted, Vv=VM code, C=native code)
V  [libjvm.so+0xa64d2b]
V  [libjvm.so+0x4c2dac]
V  [libjvm.so+0x8b3ba0]
V  [libjvm.so+0x8ae01e]
V  [libjvm.so+0x9288f6]
V  [libjvm.so+0x929c23]
V  [libjvm.so+0x9262d3]
V  [libjvm.so+0x92659c]
V  [libjvm.so+0x8d8433]
V  [libjvm.so+0xa669e2]
V  [libjvm.so+0xa6bab7]
V  [libjvm.so+0xa69287]
V  [libjvm.so+0xa6a70f]
V  [libjvm.so+0xa6ac01]
V  [libjvm.so+0x8b1082]

VM_Operation (0x00007f0e595cf490): ParallelGCFailedAllocation, mode: safepoint, requested by thread 0x00007f0ea829e000


---------------  P R O C E S S  ---------------

Java Threads: ( => current thread )
  0x00007f0e38036000 JavaThread "Thread-0" [_thread_blocked, id=9180, stack(0x00007f0e591d1000,0x00007f0e592d2000)]
  0x00007f0ea800a000 JavaThread "DestroyJavaVM" [_thread_blocked, id=9148, stack(0x00007f0eae883000,0x00007f0eae984000)]
  0x00007f0ea829e000 JavaThread "AWT-EventQueue-0" [_thread_blocked, id=9170, stack(0x00007f0e594d2000,0x00007f0e595d3000)]
  0x00007f0ea829c000 JavaThread "AWT-Shutdown" [_thread_blocked, id=9169, stack(0x00007f0e595d3000,0x00007f0e596d4000)]
  0x00007f0ea8282800 JavaThread "AWT-XAWT" daemon [_thread_blocked, id=9168, stack(0x00007f0e596d4000,0x00007f0e597d5000)]
  0x00007f0ea8263800 JavaThread "Java2D Disposer" daemon [_thread_blocked, id=9167, stack(0x00007f0e59be5000,0x00007f0e59ce6000)]
  0x00007f0ea80cb800 JavaThread "Service Thread" daemon [_thread_blocked, id=9165, stack(0x00007f0e5bbfc000,0x00007f0e5bcfd000)]
  0x00007f0ea80be800 JavaThread "C1 CompilerThread3" daemon [_thread_blocked, id=9164, stack(0x00007f0e5bcfd000,0x00007f0e5bdfe000)]
  0x00007f0ea80ba000 JavaThread "C2 CompilerThread2" daemon [_thread_blocked, id=9163, stack(0x00007f0e5bdfe000,0x00007f0e5beff000)]
  0x00007f0ea80b8000 JavaThread "C2 CompilerThread1" daemon [_thread_blocked, id=9162, stack(0x00007f0e5beff000,0x00007f0e5c000000)]
  0x00007f0ea80b5000 JavaThread "C2 CompilerThread0" daemon [_thread_blocked, id=9161, stack(0x00007f0e7003e000,0x00007f0e7013f000)]
  0x00007f0ea80b3000 JavaThread "Signal Dispatcher" daemon [_thread_blocked, id=9160, stack(0x00007f0e7013f000,0x00007f0e70240000)]
  0x00007f0ea808b800 JavaThread "Finalizer" daemon [_thread_blocked, id=9159, stack(0x00007f0e94344000,0x00007f0e94445000)]
  0x00007f0ea8087000 JavaThread "Reference Handler" daemon [_thread_blocked, id=9158, stack(0x00007f0e94445000,0x00007f0e94546000)]

Other Threads:
=>0x00007f0ea807f800 VMThread [stack: 0x00007f0e94546000,0x00007f0e94647000] [id=9157]
  0x00007f0ea80ce000 WatcherThread [stack: 0x00007f0e5bafb000,0x00007f0e5bbfc000] [id=9166]

VM state:at safepoint (normal execution)

VM Mutex/Monitor currently owned by a thread:  ([mutex/lock_event])
[0x00007f0ea8006160] Threads_lock - owner thread: 0x00007f0ea807f800
[0x00007f0ea8006660] Heap_lock - owner thread: 0x00007f0ea829e000

Heap:
 PSYoungGen      total 254976K, used 192K [0x00000000d6d80000, 0x00000000e6880000, 0x0000000100000000)
  eden space 252928K, 0% used [0x00000000d6d80000,0x00000000d6d80000,0x00000000e6480000)
  from space 2048K, 9% used [0x00000000e6480000,0x00000000e64b0000,0x00000000e6680000)
  to   space 2048K, 0% used [0x00000000e6680000,0x00000000e6680000,0x00000000e6880000)
 ParOldGen       total 84992K, used 1393K [0x0000000084800000, 0x0000000089b00000, 0x00000000d6d80000)
  object space 84992K, 1% used [0x0000000084800000,0x000000008495c6b8,0x0000000089b00000)
 Metaspace       used 9424K, capacity 9620K, committed 9856K, reserved 1058816K
  class space    used 996K, capacity 1096K, committed 1152K, reserved 1048576K

Card table byte_map: [0x00007f0e979da000,0x00007f0e97db7000] byte_map_base: 0x00007f0e975b6000

Marking Bits: (ParMarkBitMap*) 0x00007f0eadb65220
 Begin Bits: [0x00007f0e70240000, 0x00007f0e72120000)
 End Bits:   [0x00007f0e72120000, 0x00007f0e74000000)

Polling page: 0x00007f0eae9b7000

CodeCache: size=245760Kb used=4286Kb max_used=4290Kb free=241473Kb
 bounds [0x00007f0e98177000, 0x00007f0e985b7000, 0x00007f0ea7177000]
 total_blobs=1530 nmethods=1046 adapters=399
 compilation: enabled

Compilation events (10 events):
Event: 11,905 Thread 0x00007f0ea80b5000 nmethod 1040 0x00007f0e985a26d0 code [0x00007f0e985a28e0, 0x00007f0e985a36f8]
Event: 11,953 Thread 0x00007f0ea80be800 1042       1       maze.Maze::getNCols (5 bytes)
Event: 11,954 Thread 0x00007f0ea80be800 nmethod 1042 0x00007f0e9857ce10 code [0x00007f0e9857cf60, 0x00007f0e9857d070]
Event: 11,997 Thread 0x00007f0ea80ba000 nmethod 1041 0x00007f0e985a8710 code [0x00007f0e985a8b80, 0x00007f0e985ac820]
Event: 12,054 Thread 0x00007f0ea80be800 1043       3       java.lang.Math::abs (14 bytes)
Event: 12,054 Thread 0x00007f0ea80be800 nmethod 1043 0x00007f0e9856b2d0 code [0x00007f0e9856b440, 0x00007f0e9856b5f0]
Event: 12,054 Thread 0x00007f0ea80be800 1044       3       java.security.AccessControlContext::optimize (318 bytes)
Event: 12,056 Thread 0x00007f0ea80be800 nmethod 1044 0x00007f0e985a59d0 code [0x00007f0e985a5d20, 0x00007f0e985a7858]
Event: 12,155 Thread 0x00007f0ea80be800 1046       3       java.util.LinkedList$ListItr::hasNext (20 bytes)
Event: 12,155 Thread 0x00007f0ea80be800 nmethod 1046 0x00007f0e985758d0 code [0x00007f0e98575a40, 0x00007f0e98575bf0]

GC Heap History (10 events):
Event: 0,697 GC heap after
Heap after GC invocations=4 (full 0):
 PSYoungGen      total 68608K, used 1396K [0x00000000d6d80000, 0x00000000db580000, 0x0000000100000000)
  eden space 63488K, 0% used [0x00000000d6d80000,0x00000000d6d80000,0x00000000dab80000)
  from space 5120K, 27% used [0x00000000db080000,0x00000000db1dd050,0x00000000db580000)
  to   space 5120K, 0% used [0x00000000dab80000,0x00000000dab80000,0x00000000db080000)
 ParOldGen       total 84992K, used 32K [0x0000000084800000, 0x0000000089b00000, 0x00000000d6d80000)
  object space 84992K, 0% used [0x0000000084800000,0x0000000084808000,0x0000000089b00000)
 Metaspace       used 8699K, capacity 8898K, committed 9088K, reserved 1056768K
  class space    used 954K, capacity 1027K, committed 1152K, reserved 1048576K
}
Event: 0,756 GC heap before
{Heap before GC invocations=5 (full 0):
 PSYoungGen      total 68608K, used 64884K [0x00000000d6d80000, 0x00000000db580000, 0x0000000100000000)
  eden space 63488K, 100% used [0x00000000d6d80000,0x00000000dab80000,0x00000000dab80000)
  from space 5120K, 27% used [0x00000000db080000,0x00000000db1dd050,0x00000000db580000)
  to   space 5120K, 0% used [0x00000000dab80000,0x00000000dab80000,0x00000000db080000)
 ParOldGen       total 84992K, used 32K [0x0000000084800000, 0x0000000089b00000, 0x00000000d6d80000)
  object space 84992K, 0% used [0x0000000084800000,0x0000000084808000,0x0000000089b00000)
 Metaspace       used 8699K, capacity 8898K, committed 9088K, reserved 1056768K
  class space    used 954K, capacity 1027K, committed 1152K, reserved 1048576K
Event: 0,760 GC heap after
Heap after GC invocations=5 (full 0):
 PSYoungGen      total 68608K, used 1379K [0x00000000d6d80000, 0x00000000dec80000, 0x0000000100000000)
  eden space 63488K, 0% used [0x00000000d6d80000,0x00000000d6d80000,0x00000000dab80000)
  from space 5120K, 26% used [0x00000000dab80000,0x00000000dacd8c00,0x00000000db080000)
  to   space 1536K, 0% used [0x00000000deb00000,0x00000000deb00000,0x00000000dec80000)
 ParOldGen       total 84992K, used 32K [0x0000000084800000, 0x0000000089b00000, 0x00000000d6d80000)
  object space 84992K, 0% used [0x0000000084800000,0x0000000084808000,0x0000000089b00000)
 Metaspace       used 8699K, capacity 8898K, committed 9088K, reserved 1056768K
  class space    used 954K, capacity 1027K, committed 1152K, reserved 1048576K
}
Event: 11,611 GC heap before
{Heap before GC invocations=6 (full 0):
 PSYoungGen      total 68608K, used 64867K [0x00000000d6d80000, 0x00000000dec80000, 0x0000000100000000)
  eden space 63488K, 100% used [0x00000000d6d80000,0x00000000dab80000,0x00000000dab80000)
  from space 5120K, 26% used [0x00000000dab80000,0x00000000dacd8c00,0x00000000db080000)
  to   space 1536K, 0% used [0x00000000deb00000,0x00000000deb00000,0x00000000dec80000)
 ParOldGen       total 84992K, used 32K [0x0000000084800000, 0x0000000089b00000, 0x00000000d6d80000)
  object space 84992K, 0% used [0x0000000084800000,0x0000000084808000,0x0000000089b00000)
 Metaspace       used 9422K, capacity 9620K, committed 9856K, reserved 1058816K
  class space    used 996K, capacity 1096K, committed 1152K, reserved 1048576K
Event: 11,618 GC heap after
Heap after GC invocations=6 (full 0):
 PSYoungGen      total 128000K, used 1489K [0x00000000d6d80000, 0x00000000ded80000, 0x0000000100000000)
  eden space 126464K, 0% used [0x00000000d6d80000,0x00000000d6d80000,0x00000000de900000)
  from space 1536K, 97% used [0x00000000deb00000,0x00000000dec747b8,0x00000000dec80000)
  to   space 2048K, 0% used [0x00000000de900000,0x00000000de900000,0x00000000deb00000)
 ParOldGen       total 84992K, used 40K [0x0000000084800000, 0x0000000089b00000, 0x00000000d6d80000)
  object space 84992K, 0% used [0x0000000084800000,0x000000008480a000,0x0000000089b00000)
 Metaspace       used 9422K, capacity 9620K, committed 9856K, reserved 1058816K
  class space    used 996K, capacity 1096K, committed 1152K, reserved 1048576K
}
Event: 11,743 GC heap before
{Heap before GC invocations=7 (full 0):
 PSYoungGen      total 128000K, used 127953K [0x00000000d6d80000, 0x00000000ded80000, 0x0000000100000000)
  eden space 126464K, 100% used [0x00000000d6d80000,0x00000000de900000,0x00000000de900000)
  from space 1536K, 97% used [0x00000000deb00000,0x00000000dec747b8,0x00000000dec80000)
  to   space 2048K, 0% used [0x00000000de900000,0x00000000de900000,0x00000000deb00000)
 ParOldGen       total 84992K, used 40K [0x0000000084800000, 0x0000000089b00000, 0x00000000d6d80000)
  object space 84992K, 0% used [0x0000000084800000,0x000000008480a000,0x0000000089b00000)
 Metaspace       used 9422K, capacity 9620K, committed 9856K, reserved 1058816K
  class space    used 996K, capacity 1096K, committed 1152K, reserved 1048576K
Event: 11,750 GC heap after
Heap after GC invocations=7 (full 0):
 PSYoungGen      total 128512K, used 192K [0x00000000d6d80000, 0x00000000e6880000, 0x0000000100000000)
  eden space 126464K, 0% used [0x00000000d6d80000,0x00000000d6d80000,0x00000000de900000)
  from space 2048K, 9% used [0x00000000de900000,0x00000000de9303d0,0x00000000deb00000)
  to   space 2048K, 0% used [0x00000000e6680000,0x00000000e6680000,0x00000000e6880000)
 ParOldGen       total 84992K, used 1313K [0x0000000084800000, 0x0000000089b00000, 0x00000000d6d80000)
  object space 84992K, 1% used [0x0000000084800000,0x00000000849486b8,0x0000000089b00000)
 Metaspace       used 9422K, capacity 9620K, committed 9856K, reserved 1058816K
  class space    used 996K, capacity 1096K, committed 1152K, reserved 1048576K
}
Event: 11,856 GC heap before
{Heap before GC invocations=8 (full 0):
 PSYoungGen      total 128512K, used 126656K [0x00000000d6d80000, 0x00000000e6880000, 0x0000000100000000)
  eden space 126464K, 100% used [0x00000000d6d80000,0x00000000de900000,0x00000000de900000)
  from space 2048K, 9% used [0x00000000de900000,0x00000000de9303d0,0x00000000deb00000)
  to   space 2048K, 0% used [0x00000000e6680000,0x00000000e6680000,0x00000000e6880000)
 ParOldGen       total 84992K, used 1313K [0x0000000084800000, 0x0000000089b00000, 0x00000000d6d80000)
  object space 84992K, 1% used [0x0000000084800000,0x00000000849486b8,0x0000000089b00000)
 Metaspace       used 9424K, capacity 9620K, committed 9856K, reserved 1058816K
  class space    used 996K, capacity 1096K, committed 1152K, reserved 1048576K
Event: 11,860 GC heap after
Heap after GC invocations=8 (full 0):
 PSYoungGen      total 254976K, used 256K [0x00000000d6d80000, 0x00000000e6880000, 0x0000000100000000)
  eden space 252928K, 0% used [0x00000000d6d80000,0x00000000d6d80000,0x00000000e6480000)
  from space 2048K, 12% used [0x00000000e6680000,0x00000000e66c0000,0x00000000e6880000)
  to   space 2048K, 0% used [0x00000000e6480000,0x00000000e6480000,0x00000000e6680000)
 ParOldGen       total 84992K, used 1321K [0x0000000084800000, 0x0000000089b00000, 0x00000000d6d80000)
  object space 84992K, 1% used [0x0000000084800000,0x000000008494a6b8,0x0000000089b00000)
 Metaspace       used 9424K, capacity 9620K, committed 9856K, reserved 1058816K
  class space    used 996K, capacity 1096K, committed 1152K, reserved 1048576K
}
Event: 12,162 GC heap before
{Heap before GC invocations=9 (full 0):
 PSYoungGen      total 254976K, used 253184K [0x00000000d6d80000, 0x00000000e6880000, 0x0000000100000000)
  eden space 252928K, 100% used [0x00000000d6d80000,0x00000000e6480000,0x00000000e6480000)
  from space 2048K, 12% used [0x00000000e6680000,0x00000000e66c0000,0x00000000e6880000)
  to   space 2048K, 0% used [0x00000000e6480000,0x00000000e6480000,0x00000000e6680000)
 ParOldGen       total 84992K, used 1321K [0x0000000084800000, 0x0000000089b00000, 0x00000000d6d80000)
  object space 84992K, 1% used [0x0000000084800000,0x000000008494a6b8,0x0000000089b00000)
 Metaspace       used 9424K, capacity 9620K, committed 9856K, reserved 1058816K
  class space    used 996K, capacity 1096K, committed 1152K, reserved 1048576K

Deoptimization events (10 events):
Event: 0,797 Thread 0x00007f0ea829e000 Uncommon trap: reason=unstable_if action=reinterpret pc=0x00007f0e983abf8c method=sun.java2d.pisces.Renderer$ScanlineIterator.next()I @ 48
Event: 0,797 Thread 0x00007f0ea829e000 Uncommon trap: reason=unstable_if action=reinterpret pc=0x00007f0e983c805c method=sun.java2d.pisces.Helpers.widenArray([III)[I @ 5
Event: 0,797 Thread 0x00007f0ea829e000 Uncommon trap: reason=unstable_if action=reinterpret pc=0x00007f0e983c283c method=sun.java2d.pisces.Helpers.widenArray([III)[I @ 5
Event: 0,797 Thread 0x00007f0ea829e000 Uncommon trap: reason=unstable_if action=reinterpret pc=0x00007f0e983c3714 method=sun.java2d.pisces.Helpers.widenArray([III)[I @ 5
Event: 0,797 Thread 0x00007f0ea829e000 Uncommon trap: reason=unstable_if action=reinterpret pc=0x00007f0e983e4f24 method=sun.java2d.pisces.Helpers.widenArray([III)[I @ 5
Event: 0,797 Thread 0x00007f0ea829e000 Uncommon trap: reason=unstable_if action=reinterpret pc=0x00007f0e983edbe0 method=sun.java2d.pisces.PiscesTileGenerator.getAlpha([BII)V @ 167
Event: 0,802 Thread 0x00007f0ea829e000 Uncommon trap: reason=class_check action=maybe_recompile pc=0x00007f0e983f2318 method=java.util.concurrent.ConcurrentHashMap.get(Ljava/lang/Object;)Ljava/lang/Object; @ 149
Event: 11,551 Thread 0x00007f0ea829e000 Uncommon trap: reason=unstable_if action=reinterpret pc=0x00007f0e98550ce8 method=java.security.AccessControlContext.optimize()Ljava/security/AccessControlContext; @ 206
Event: 11,816 Thread 0x00007f0ea829e000 Uncommon trap: reason=unstable_if action=reinterpret pc=0x00007f0e985717c4 method=sun.java2d.pisces.PiscesTileGenerator.getAlpha([BII)V @ 56
Event: 11,817 Thread 0x00007f0ea829e000 Uncommon trap: reason=unstable_if action=reinterpret pc=0x00007f0e983d8cb0 method=sun.java2d.pisces.PiscesTileGenerator.getAlpha([BII)V @ 191

Internal exceptions (10 events):
Event: 0,062 Thread 0x00007f0ea800a000 Exception <a 'java/security/PrivilegedActionException'> (0x00000000d6e019f0) thrown at [/build/openjdk-8-8jAw7G/openjdk-8-8u111-b14/src/hotspot/src/share/vm/prims/jvm.cpp, line 1386]
Event: 0,062 Thread 0x00007f0ea800a000 Exception <a 'java/security/PrivilegedActionException'> (0x00000000d6e024c0) thrown at [/build/openjdk-8-8jAw7G/openjdk-8-8u111-b14/src/hotspot/src/share/vm/prims/jvm.cpp, line 1386]
Event: 0,062 Thread 0x00007f0ea800a000 Exception <a 'java/security/PrivilegedActionException'> (0x00000000d6e026d0) thrown at [/build/openjdk-8-8jAw7G/openjdk-8-8u111-b14/src/hotspot/src/share/vm/prims/jvm.cpp, line 1386]
Event: 0,096 Thread 0x00007f0ea800a000 Exception <a 'java/lang/NoSuchFieldError': method resolution failed> (0x00000000d6f6f100) thrown at [/build/openjdk-8-8jAw7G/openjdk-8-8u111-b14/src/hotspot/src/share/vm/prims/methodHandles.cpp, line 1146]
Event: 0,097 Thread 0x00007f0ea800a000 Exception <a 'java/lang/NoSuchFieldError': method resolution failed> (0x00000000d6f7c900) thrown at [/build/openjdk-8-8jAw7G/openjdk-8-8u111-b14/src/hotspot/src/share/vm/prims/methodHandles.cpp, line 1146]
Event: 0,114 Thread 0x00007f0ea800a000 Exception <a 'java/io/FileNotFoundException'> (0x00000000d6ffc0b0) thrown at [/build/openjdk-8-8jAw7G/openjdk-8-8u111-b14/src/hotspot/src/share/vm/prims/jni.cpp, line 709]
Event: 0,114 Thread 0x00007f0ea800a000 Exception <a 'java/io/FileNotFoundException'> (0x00000000d6ffcbc8) thrown at [/build/openjdk-8-8jAw7G/openjdk-8-8u111-b14/src/hotspot/src/share/vm/prims/jni.cpp, line 709]
Event: 0,130 Thread 0x00007f0ea800a000 Exception <a 'java/lang/ClassNotFoundException': sun/dc/DuctusRenderingEngine> (0x00000000d702e1d0) thrown at [/build/openjdk-8-8jAw7G/openjdk-8-8u111-b14/src/hotspot/src/share/vm/classfile/systemDictionary.cpp, line 210]
Event: 0,402 Thread 0x00007f0ea829e000 Implicit null exception at 0x00007f0e98360435 to 0x00007f0e983607e1
Event: 0,403 Thread 0x00007f0ea829e000 Implicit null exception at 0x00007f0e98349d36 to 0x00007f0e9834a0f9

Events (10 events):
Event: 11,844 Thread 0x00007f0ea829e000 DEOPT UNPACKING pc=0x00007f0e981be373 sp=0x00007f0e595cf220 mode 0
Event: 11,844 Thread 0x00007f0ea829e000 DEOPT PACKING pc=0x00007f0e9858b20a sp=0x00007f0e595cf370
Event: 11,845 Thread 0x00007f0ea829e000 DEOPT UNPACKING pc=0x00007f0e981be373 sp=0x00007f0e595cf220 mode 0
Event: 11,849 Thread 0x00007f0ea829e000 DEOPT PACKING pc=0x00007f0e9858b20a sp=0x00007f0e595cf370
Event: 11,849 Thread 0x00007f0ea829e000 DEOPT UNPACKING pc=0x00007f0e981be373 sp=0x00007f0e595cf220 mode 0
Event: 11,854 Thread 0x00007f0ea829e000 DEOPT PACKING pc=0x00007f0e9858b20a sp=0x00007f0e595cf370
Event: 11,854 Thread 0x00007f0ea829e000 DEOPT UNPACKING pc=0x00007f0e981be373 sp=0x00007f0e595cf220 mode 0
Event: 11,855 Executing VM operation: ParallelGCFailedAllocation
Event: 11,860 Executing VM operation: ParallelGCFailedAllocation done
Event: 12,162 Executing VM operation: ParallelGCFailedAllocation


Dynamic libraries:
00400000-00401000 r-xp 00000000 08:05 8618                               /usr/lib/jvm/java-8-openjdk-amd64/jre/bin/java
00600000-00601000 r--p 00000000 08:05 8618                               /usr/lib/jvm/java-8-openjdk-amd64/jre/bin/java
00601000-00602000 rw-p 00001000 08:05 8618                               /usr/lib/jvm/java-8-openjdk-amd64/jre/bin/java
01450000-01471000 rw-p 00000000 00:00 0                                  [heap]
84800000-89b00000 rw-p 00000000 00:00 0 
89b00000-d6d80000 ---p 00000000 00:00 0 
d6d80000-e6880000 rw-p 00000000 00:00 0 
efd00000-100000000 ---p 00000000 00:00 0 
100000000-100120000 rw-p 00000000 00:00 0 
100120000-140000000 ---p 00000000 00:00 0 
7f0e2c000000-7f0e2c021000 rw-p 00000000 00:00 0 
7f0e2c021000-7f0e30000000 ---p 00000000 00:00 0 
7f0e34000000-7f0e34021000 rw-p 00000000 00:00 0 
7f0e34021000-7f0e38000000 ---p 00000000 00:00 0 
7f0e38000000-7f0e3803f000 rw-p 00000000 00:00 0 
7f0e3803f000-7f0e3c000000 ---p 00000000 00:00 0 
7f0e3c000000-7f0e3c021000 rw-p 00000000 00:00 0 
7f0e3c021000-7f0e40000000 ---p 00000000 00:00 0 
7f0e40000000-7f0e40021000 rw-p 00000000 00:00 0 
7f0e40021000-7f0e44000000 ---p 00000000 00:00 0 
7f0e44000000-7f0e44021000 rw-p 00000000 00:00 0 
7f0e44021000-7f0e48000000 ---p 00000000 00:00 0 
7f0e48000000-7f0e48021000 rw-p 00000000 00:00 0 
7f0e48021000-7f0e4c000000 ---p 00000000 00:00 0 
7f0e4c000000-7f0e4c2ce000 rw-p 00000000 00:00 0 
7f0e4c2ce000-7f0e50000000 ---p 00000000 00:00 0 
7f0e50000000-7f0e5043c000 rw-p 00000000 00:00 0 
7f0e5043c000-7f0e54000000 ---p 00000000 00:00 0 
7f0e54000000-7f0e54176000 rw-p 00000000 00:00 0 
7f0e54176000-7f0e58000000 ---p 00000000 00:00 0 
7f0e591d1000-7f0e591d4000 ---p 00000000 00:00 0 
7f0e591d4000-7f0e59352000 rw-p 00000000 00:00 0 
7f0e59352000-7f0e594d2000 ---p 00000000 00:00 0 
7f0e594d2000-7f0e594d5000 ---p 00000000 00:00 0 
7f0e594d5000-7f0e595d3000 rw-p 00000000 00:00 0 
7f0e595d3000-7f0e595d6000 ---p 00000000 00:00 0 
7f0e595d6000-7f0e596d4000 rw-p 00000000 00:00 0 
7f0e596d4000-7f0e596d7000 ---p 00000000 00:00 0 
7f0e596d7000-7f0e597d5000 rw-p 00000000 00:00 0 
7f0e597d5000-7f0e597da000 r-xp 00000000 08:05 3146341                    /usr/lib/x86_64-linux-gnu/libXfixes.so.3.1.0
7f0e597da000-7f0e599d9000 ---p 00005000 08:05 3146341                    /usr/lib/x86_64-linux-gnu/libXfixes.so.3.1.0
7f0e599d9000-7f0e599da000 r--p 00004000 08:05 3146341                    /usr/lib/x86_64-linux-gnu/libXfixes.so.3.1.0
7f0e599da000-7f0e599db000 rw-p 00005000 08:05 3146341                    /usr/lib/x86_64-linux-gnu/libXfixes.so.3.1.0
7f0e599db000-7f0e599e4000 r-xp 00000000 08:05 3154814                    /usr/lib/x86_64-linux-gnu/libXcursor.so.1.0.2
7f0e599e4000-7f0e59be3000 ---p 00009000 08:05 3154814                    /usr/lib/x86_64-linux-gnu/libXcursor.so.1.0.2
7f0e59be3000-7f0e59be4000 r--p 00008000 08:05 3154814                    /usr/lib/x86_64-linux-gnu/libXcursor.so.1.0.2
7f0e59be4000-7f0e59be5000 rw-p 00009000 08:05 3154814                    /usr/lib/x86_64-linux-gnu/libXcursor.so.1.0.2
7f0e59be5000-7f0e59be8000 ---p 00000000 00:00 0 
7f0e59be8000-7f0e59ce6000 rw-p 00000000 00:00 0 
7f0e59ce6000-7f0e59d0a000 r-xp 00000000 08:05 1442142                    /lib/x86_64-linux-gnu/libpng12.so.0.54.0
7f0e59d0a000-7f0e59f09000 ---p 00024000 08:05 1442142                    /lib/x86_64-linux-gnu/libpng12.so.0.54.0
7f0e59f09000-7f0e59f0a000 r--p 00023000 08:05 1442142                    /lib/x86_64-linux-gnu/libpng12.so.0.54.0
7f0e59f0a000-7f0e59f0b000 rw-p 00024000 08:05 1442142                    /lib/x86_64-linux-gnu/libpng12.so.0.54.0
7f0e59f0b000-7f0e59faf000 r-xp 00000000 08:05 3146800                    /usr/lib/x86_64-linux-gnu/libfreetype.so.6.12.1
7f0e59faf000-7f0e5a1ae000 ---p 000a4000 08:05 3146800                    /usr/lib/x86_64-linux-gnu/libfreetype.so.6.12.1
7f0e5a1ae000-7f0e5a1b4000 r--p 000a3000 08:05 3146800                    /usr/lib/x86_64-linux-gnu/libfreetype.so.6.12.1
7f0e5a1b4000-7f0e5a1b5000 rw-p 000a9000 08:05 3146800                    /usr/lib/x86_64-linux-gnu/libfreetype.so.6.12.1
7f0e5a1e4000-7f0e5a236000 r-xp 00000000 08:05 3817                       /usr/lib/jvm/java-8-openjdk-amd64/jre/lib/amd64/libfontmanager.so
7f0e5a236000-7f0e5a436000 ---p 00052000 08:05 3817                       /usr/lib/jvm/java-8-openjdk-amd64/jre/lib/amd64/libfontmanager.so
7f0e5a436000-7f0e5a438000 r--p 00052000 08:05 3817                       /usr/lib/jvm/java-8-openjdk-amd64/jre/lib/amd64/libfontmanager.so
7f0e5a438000-7f0e5a439000 rw-p 00054000 08:05 3817                       /usr/lib/jvm/java-8-openjdk-amd64/jre/lib/amd64/libfontmanager.so
7f0e5a439000-7f0e5a43e000 r-xp 00000000 08:05 3152173                    /usr/lib/x86_64-linux-gnu/libXdmcp.so.6.0.0
7f0e5a43e000-7f0e5a63d000 ---p 00005000 08:05 3152173                    /usr/lib/x86_64-linux-gnu/libXdmcp.so.6.0.0
7f0e5a63d000-7f0e5a63e000 r--p 00004000 08:05 3152173                    /usr/lib/x86_64-linux-gnu/libXdmcp.so.6.0.0
7f0e5a63e000-7f0e5a63f000 rw-p 00005000 08:05 3152173                    /usr/lib/x86_64-linux-gnu/libXdmcp.so.6.0.0
7f0e5a63f000-7f0e5a641000 r-xp 00000000 08:05 3154807                    /usr/lib/x86_64-linux-gnu/libXau.so.6.0.0
7f0e5a641000-7f0e5a841000 ---p 00002000 08:05 3154807                    /usr/lib/x86_64-linux-gnu/libXau.so.6.0.0
7f0e5a841000-7f0e5a842000 r--p 00002000 08:05 3154807                    /usr/lib/x86_64-linux-gnu/libXau.so.6.0.0
7f0e5a842000-7f0e5a843000 rw-p 00003000 08:05 3154807                    /usr/lib/x86_64-linux-gnu/libXau.so.6.0.0
7f0e5a843000-7f0e5a864000 r-xp 00000000 08:05 3150267                    /usr/lib/x86_64-linux-gnu/libxcb.so.1.1.0
7f0e5a864000-7f0e5aa63000 ---p 00021000 08:05 3150267                    /usr/lib/x86_64-linux-gnu/libxcb.so.1.1.0
7f0e5aa63000-7f0e5aa64000 r--p 00020000 08:05 3150267                    /usr/lib/x86_64-linux-gnu/libxcb.so.1.1.0
7f0e5aa64000-7f0e5aa65000 rw-p 00021000 08:05 3150267                    /usr/lib/x86_64-linux-gnu/libxcb.so.1.1.0
7f0e5aa65000-7f0e5aa74000 r-xp 00000000 08:05 3146127                    /usr/lib/x86_64-linux-gnu/libXi.so.6.1.0
7f0e5aa74000-7f0e5ac73000 ---p 0000f000 08:05 3146127                    /usr/lib/x86_64-linux-gnu/libXi.so.6.1.0
7f0e5ac73000-7f0e5ac74000 r--p 0000e000 08:05 3146127                    /usr/lib/x86_64-linux-gnu/libXi.so.6.1.0
7f0e5ac74000-7f0e5ac75000 rw-p 0000f000 08:05 3146127                    /usr/lib/x86_64-linux-gnu/libXi.so.6.1.0
7f0e5ac75000-7f0e5ac7a000 r-xp 00000000 08:05 3154848                    /usr/lib/x86_64-linux-gnu/libXtst.so.6.1.0
7f0e5ac7a000-7f0e5ae79000 ---p 00005000 08:05 3154848                    /usr/lib/x86_64-linux-gnu/libXtst.so.6.1.0
7f0e5ae79000-7f0e5ae7a000 r--p 00004000 08:05 3154848                    /usr/lib/x86_64-linux-gnu/libXtst.so.6.1.0
7f0e5ae7a000-7f0e5ae7b000 rw-p 00005000 08:05 3154848                    /usr/lib/x86_64-linux-gnu/libXtst.so.6.1.0
7f0e5ae7b000-7f0e5ae84000 r-xp 00000000 08:05 3155860                    /usr/lib/x86_64-linux-gnu/libXrender.so.1.3.0
7f0e5ae84000-7f0e5b083000 ---p 00009000 08:05 3155860                    /usr/lib/x86_64-linux-gnu/libXrender.so.1.3.0
7f0e5b083000-7f0e5b084000 r--p 00008000 08:05 3155860                    /usr/lib/x86_64-linux-gnu/libXrender.so.1.3.0
7f0e5b084000-7f0e5b085000 rw-p 00009000 08:05 3155860                    /usr/lib/x86_64-linux-gnu/libXrender.so.1.3.0
7f0e5b085000-7f0e5b1ba000 r-xp 00000000 08:05 3152215                    /usr/lib/x86_64-linux-gnu/libX11.so.6.3.0
7f0e5b1ba000-7f0e5b3ba000 ---p 00135000 08:05 3152215                    /usr/lib/x86_64-linux-gnu/libX11.so.6.3.0
7f0e5b3ba000-7f0e5b3bb000 r--p 00135000 08:05 3152215                    /usr/lib/x86_64-linux-gnu/libX11.so.6.3.0
7f0e5b3bb000-7f0e5b3bf000 rw-p 00136000 08:05 3152215                    /usr/lib/x86_64-linux-gnu/libX11.so.6.3.0
7f0e5b3bf000-7f0e5b3d0000 r-xp 00000000 08:05 3152220                    /usr/lib/x86_64-linux-gnu/libXext.so.6.4.0
7f0e5b3d0000-7f0e5b5cf000 ---p 00011000 08:05 3152220                    /usr/lib/x86_64-linux-gnu/libXext.so.6.4.0
7f0e5b5cf000-7f0e5b5d0000 r--p 00010000 08:05 3152220                    /usr/lib/x86_64-linux-gnu/libXext.so.6.4.0
7f0e5b5d0000-7f0e5b5d1000 rw-p 00011000 08:05 3152220                    /usr/lib/x86_64-linux-gnu/libXext.so.6.4.0
7f0e5b5d1000-7f0e5b625000 r-xp 00000000 08:05 6146                       /usr/lib/jvm/java-8-openjdk-amd64/jre/lib/amd64/libawt_xawt.so
7f0e5b625000-7f0e5b825000 ---p 00054000 08:05 6146                       /usr/lib/jvm/java-8-openjdk-amd64/jre/lib/amd64/libawt_xawt.so
7f0e5b825000-7f0e5b826000 r--p 00054000 08:05 6146                       /usr/lib/jvm/java-8-openjdk-amd64/jre/lib/amd64/libawt_xawt.so
7f0e5b826000-7f0e5b829000 rw-p 00055000 08:05 6146                       /usr/lib/jvm/java-8-openjdk-amd64/jre/lib/amd64/libawt_xawt.so
7f0e5b829000-7f0e5b82a000 rw-p 00000000 00:00 0 
7f0e5b82a000-7f0e5b8ca000 r-xp 00000000 08:05 6153                       /usr/lib/jvm/java-8-openjdk-amd64/jre/lib/amd64/libawt.so
7f0e5b8ca000-7f0e5baca000 ---p 000a0000 08:05 6153                       /usr/lib/jvm/java-8-openjdk-amd64/jre/lib/amd64/libawt.so
7f0e5baca000-7f0e5bacb000 r--p 000a0000 08:05 6153                       /usr/lib/jvm/java-8-openjdk-amd64/jre/lib/amd64/libawt.so
7f0e5bacb000-7f0e5bad6000 rw-p 000a1000 08:05 6153                       /usr/lib/jvm/java-8-openjdk-amd64/jre/lib/amd64/libawt.so
7f0e5bad6000-7f0e5bafb000 rw-p 00000000 00:00 0 
7f0e5bafb000-7f0e5bafc000 ---p 00000000 00:00 0 
7f0e5bafc000-7f0e5bbfc000 rw-p 00000000 00:00 0 
7f0e5bbfc000-7f0e5bbff000 ---p 00000000 00:00 0 
7f0e5bbff000-7f0e5bcfd000 rw-p 00000000 00:00 0 
7f0e5bcfd000-7f0e5bd00000 ---p 00000000 00:00 0 
7f0e5bd00000-7f0e5bdfe000 rw-p 00000000 00:00 0 
7f0e5bdfe000-7f0e5be01000 ---p 00000000 00:00 0 
7f0e5be01000-7f0e5beff000 rw-p 00000000 00:00 0 
7f0e5beff000-7f0e5bf02000 ---p 00000000 00:00 0 
7f0e5bf02000-7f0e5c000000 rw-p 00000000 00:00 0 
7f0e5c000000-7f0e5c021000 rw-p 00000000 00:00 0 
7f0e5c021000-7f0e60000000 ---p 00000000 00:00 0 
7f0e60000000-7f0e6024a000 rw-p 00000000 00:00 0 
7f0e6024a000-7f0e64000000 ---p 00000000 00:00 0 
7f0e64000000-7f0e64021000 rw-p 00000000 00:00 0 
7f0e64021000-7f0e68000000 ---p 00000000 00:00 0 
7f0e68000000-7f0e68021000 rw-p 00000000 00:00 0 
7f0e68021000-7f0e6c000000 ---p 00000000 00:00 0 
7f0e6c000000-7f0e6c021000 rw-p 00000000 00:00 0 
7f0e6c021000-7f0e70000000 ---p 00000000 00:00 0 
7f0e7002b000-7f0e7003e000 r--s 00346000 08:05 6173                       /usr/lib/jvm/java-8-openjdk-amd64/jre/lib/resources.jar
7f0e7003e000-7f0e70041000 ---p 00000000 00:00 0 
7f0e70041000-7f0e7013f000 rw-p 00000000 00:00 0 
7f0e7013f000-7f0e70142000 ---p 00000000 00:00 0 
7f0e70142000-7f0e74000000 rw-p 00000000 00:00 0 
7f0e74000000-7f0e74021000 rw-p 00000000 00:00 0 
7f0e74021000-7f0e78000000 ---p 00000000 00:00 0 
7f0e78000000-7f0e78021000 rw-p 00000000 00:00 0 
7f0e78021000-7f0e7c000000 ---p 00000000 00:00 0 
7f0e7c000000-7f0e7c021000 rw-p 00000000 00:00 0 
7f0e7c021000-7f0e80000000 ---p 00000000 00:00 0 
7f0e80000000-7f0e80021000 rw-p 00000000 00:00 0 
7f0e80021000-7f0e84000000 ---p 00000000 00:00 0 
7f0e84000000-7f0e84021000 rw-p 00000000 00:00 0 
7f0e84021000-7f0e88000000 ---p 00000000 00:00 0 
7f0e88000000-7f0e88021000 rw-p 00000000 00:00 0 
7f0e88021000-7f0e8c000000 ---p 00000000 00:00 0 
7f0e8c000000-7f0e8c021000 rw-p 00000000 00:00 0 
7f0e8c021000-7f0e90000000 ---p 00000000 00:00 0 
7f0e90000000-7f0e90021000 rw-p 00000000 00:00 0 
7f0e90021000-7f0e94000000 ---p 00000000 00:00 0 
7f0e9400b000-7f0e94031000 r--p 00000000 08:05 526106                     /usr/share/locale-langpack/fr/LC_MESSAGES/libc.mo
7f0e94031000-7f0e9404c000 r--s 001d5000 08:05 6158                       /usr/lib/jvm/java-8-openjdk-amd64/jre/lib/ext/nashorn.jar
7f0e9404c000-7f0e94067000 r--s 00394000 08:05 6157                       /usr/lib/jvm/java-8-openjdk-amd64/jre/lib/ext/cldrdata.jar
7f0e94067000-7f0e94344000 r--p 00000000 08:05 3146370                    /usr/lib/locale/locale-archive
7f0e94344000-7f0e94347000 ---p 00000000 00:00 0 
7f0e94347000-7f0e94445000 rw-p 00000000 00:00 0 
7f0e94445000-7f0e94448000 ---p 00000000 00:00 0 
7f0e94448000-7f0e94546000 rw-p 00000000 00:00 0 
7f0e94546000-7f0e94547000 ---p 00000000 00:00 0 
7f0e94547000-7f0e96296000 rw-p 00000000 00:00 0 
7f0e96296000-7f0e96464000 r--s 03bf1000 08:05 6176                       /usr/lib/jvm/java-8-openjdk-amd64/jre/lib/rt.jar
7f0e96464000-7f0e97040000 rw-p 00000000 00:00 0 
7f0e97040000-7f0e97041000 ---p 00000000 00:00 0 
7f0e97041000-7f0e97141000 rw-p 00000000 00:00 0 
7f0e97141000-7f0e97142000 ---p 00000000 00:00 0 
7f0e97142000-7f0e97242000 rw-p 00000000 00:00 0 
7f0e97242000-7f0e97243000 ---p 00000000 00:00 0 
7f0e97243000-7f0e97343000 rw-p 00000000 00:00 0 
7f0e97343000-7f0e97344000 ---p 00000000 00:00 0 
7f0e97344000-7f0e97444000 rw-p 00000000 00:00 0 
7f0e97444000-7f0e97445000 ---p 00000000 00:00 0 
7f0e97445000-7f0e97545000 rw-p 00000000 00:00 0 
7f0e97545000-7f0e97546000 ---p 00000000 00:00 0 
7f0e97546000-7f0e97646000 rw-p 00000000 00:00 0 
7f0e97646000-7f0e97647000 ---p 00000000 00:00 0 
7f0e97647000-7f0e97771000 rw-p 00000000 00:00 0 
7f0e97771000-7f0e979da000 ---p 00000000 00:00 0 
7f0e979da000-7f0e97a04000 rw-p 00000000 00:00 0 
7f0e97a04000-7f0e97c6c000 ---p 00000000 00:00 0 
7f0e97c6c000-7f0e97ceb000 rw-p 00000000 00:00 0 
7f0e97ceb000-7f0e97db6000 ---p 00000000 00:00 0 
7f0e97db6000-7f0e97dc8000 rw-p 00000000 00:00 0 
7f0e97dc8000-7f0e98177000 ---p 00000000 00:00 0 
7f0e98177000-7f0e985b7000 rwxp 00000000 00:00 0 
7f0e985b7000-7f0ea7177000 ---p 00000000 00:00 0 
7f0ea7177000-7f0ea717f000 r-xp 00000000 08:05 5886                       /usr/lib/jvm/java-8-openjdk-amd64/jre/lib/amd64/libzip.so
7f0ea717f000-7f0ea737e000 ---p 00008000 08:05 5886                       /usr/lib/jvm/java-8-openjdk-amd64/jre/lib/amd64/libzip.so
7f0ea737e000-7f0ea737f000 r--p 00007000 08:05 5886                       /usr/lib/jvm/java-8-openjdk-amd64/jre/lib/amd64/libzip.so
7f0ea737f000-7f0ea7380000 rw-p 00008000 08:05 5886                       /usr/lib/jvm/java-8-openjdk-amd64/jre/lib/amd64/libzip.so
7f0ea7380000-7f0ea738b000 r-xp 00000000 08:05 1451919                    /lib/x86_64-linux-gnu/libnss_files-2.23.so
7f0ea738b000-7f0ea758a000 ---p 0000b000 08:05 1451919                    /lib/x86_64-linux-gnu/libnss_files-2.23.so
7f0ea758a000-7f0ea758b000 r--p 0000a000 08:05 1451919                    /lib/x86_64-linux-gnu/libnss_files-2.23.so
7f0ea758b000-7f0ea758c000 rw-p 0000b000 08:05 1451919                    /lib/x86_64-linux-gnu/libnss_files-2.23.so
7f0ea758c000-7f0ea7592000 rw-p 00000000 00:00 0 
7f0ea7592000-7f0ea759d000 r-xp 00000000 08:05 1451904                    /lib/x86_64-linux-gnu/libnss_nis-2.23.so
7f0ea759d000-7f0ea779c000 ---p 0000b000 08:05 1451904                    /lib/x86_64-linux-gnu/libnss_nis-2.23.so
7f0ea779c000-7f0ea779d000 r--p 0000a000 08:05 1451904                    /lib/x86_64-linux-gnu/libnss_nis-2.23.so
7f0ea779d000-7f0ea779e000 rw-p 0000b000 08:05 1451904                    /lib/x86_64-linux-gnu/libnss_nis-2.23.so
7f0ea779e000-7f0ea77b4000 r-xp 00000000 08:05 1451915                    /lib/x86_64-linux-gnu/libnsl-2.23.so
7f0ea77b4000-7f0ea79b3000 ---p 00016000 08:05 1451915                    /lib/x86_64-linux-gnu/libnsl-2.23.so
7f0ea79b3000-7f0ea79b4000 r--p 00015000 08:05 1451915                    /lib/x86_64-linux-gnu/libnsl-2.23.so
7f0ea79b4000-7f0ea79b5000 rw-p 00016000 08:05 1451915                    /lib/x86_64-linux-gnu/libnsl-2.23.so
7f0ea79b5000-7f0ea79b7000 rw-p 00000000 00:00 0 
7f0ea79b7000-7f0ea79bf000 r-xp 00000000 08:05 1451916                    /lib/x86_64-linux-gnu/libnss_compat-2.23.so
7f0ea79bf000-7f0ea7bbe000 ---p 00008000 08:05 1451916                    /lib/x86_64-linux-gnu/libnss_compat-2.23.so
7f0ea7bbe000-7f0ea7bbf000 r--p 00007000 08:05 1451916                    /lib/x86_64-linux-gnu/libnss_compat-2.23.so
7f0ea7bbf000-7f0ea7bc0000 rw-p 00008000 08:05 1451916                    /lib/x86_64-linux-gnu/libnss_compat-2.23.so
7f0ea7bc0000-7f0ea7bed000 r-xp 00000000 08:05 5878                       /usr/lib/jvm/java-8-openjdk-amd64/jre/lib/amd64/libjava.so
7f0ea7bed000-7f0ea7dec000 ---p 0002d000 08:05 5878                       /usr/lib/jvm/java-8-openjdk-amd64/jre/lib/amd64/libjava.so
7f0ea7dec000-7f0ea7ded000 r--p 0002c000 08:05 5878                       /usr/lib/jvm/java-8-openjdk-amd64/jre/lib/amd64/libjava.so
7f0ea7ded000-7f0ea7def000 rw-p 0002d000 08:05 5878                       /usr/lib/jvm/java-8-openjdk-amd64/jre/lib/amd64/libjava.so
7f0ea7def000-7f0ea7dfe000 r-xp 00000000 08:05 5884                       /usr/lib/jvm/java-8-openjdk-amd64/jre/lib/amd64/libverify.so
7f0ea7dfe000-7f0ea7ffd000 ---p 0000f000 08:05 5884                       /usr/lib/jvm/java-8-openjdk-amd64/jre/lib/amd64/libverify.so
7f0ea7ffd000-7f0ea7fff000 r--p 0000e000 08:05 5884                       /usr/lib/jvm/java-8-openjdk-amd64/jre/lib/amd64/libverify.so
7f0ea7fff000-7f0ea8000000 rw-p 00010000 08:05 5884                       /usr/lib/jvm/java-8-openjdk-amd64/jre/lib/amd64/libverify.so
7f0ea8000000-7f0ea82a0000 rw-p 00000000 00:00 0 
7f0ea82a0000-7f0eac000000 ---p 00000000 00:00 0 
7f0eac000000-7f0eac007000 r--s 00000000 08:05 3421191                    /usr/lib/x86_64-linux-gnu/gconv/gconv-modules.cache
7f0eac007000-7f0eac09e000 rw-p 00000000 00:00 0 
7f0eac09e000-7f0eac09f000 ---p 00000000 00:00 0 
7f0eac09f000-7f0eac19f000 rw-p 00000000 00:00 0 
7f0eac19f000-7f0eac1a6000 r-xp 00000000 08:05 1451903                    /lib/x86_64-linux-gnu/librt-2.23.so
7f0eac1a6000-7f0eac3a5000 ---p 00007000 08:05 1451903                    /lib/x86_64-linux-gnu/librt-2.23.so
7f0eac3a5000-7f0eac3a6000 r--p 00006000 08:05 1451903                    /lib/x86_64-linux-gnu/librt-2.23.so
7f0eac3a6000-7f0eac3a7000 rw-p 00007000 08:05 1451903                    /lib/x86_64-linux-gnu/librt-2.23.so
7f0eac3a7000-7f0eac3bd000 r-xp 00000000 08:05 1442144                    /lib/x86_64-linux-gnu/libgcc_s.so.1
7f0eac3bd000-7f0eac5bc000 ---p 00016000 08:05 1442144                    /lib/x86_64-linux-gnu/libgcc_s.so.1
7f0eac5bc000-7f0eac5bd000 rw-p 00015000 08:05 1442144                    /lib/x86_64-linux-gnu/libgcc_s.so.1
7f0eac5bd000-7f0eac6c5000 r-xp 00000000 08:05 1451913                    /lib/x86_64-linux-gnu/libm-2.23.so
7f0eac6c5000-7f0eac8c4000 ---p 00108000 08:05 1451913                    /lib/x86_64-linux-gnu/libm-2.23.so
7f0eac8c4000-7f0eac8c5000 r--p 00107000 08:05 1451913                    /lib/x86_64-linux-gnu/libm-2.23.so
7f0eac8c5000-7f0eac8c6000 rw-p 00108000 08:05 1451913                    /lib/x86_64-linux-gnu/libm-2.23.so
7f0eac8c6000-7f0eaca38000 r-xp 00000000 08:05 3146165                    /usr/lib/x86_64-linux-gnu/libstdc++.so.6.0.21
7f0eaca38000-7f0eacc38000 ---p 00172000 08:05 3146165                    /usr/lib/x86_64-linux-gnu/libstdc++.so.6.0.21
7f0eacc38000-7f0eacc42000 r--p 00172000 08:05 3146165                    /usr/lib/x86_64-linux-gnu/libstdc++.so.6.0.21
7f0eacc42000-7f0eacc44000 rw-p 0017c000 08:05 3146165                    /usr/lib/x86_64-linux-gnu/libstdc++.so.6.0.21
7f0eacc44000-7f0eacc48000 rw-p 00000000 00:00 0 
7f0eacc48000-7f0ead897000 r-xp 00000000 08:05 6129                       /usr/lib/jvm/java-8-openjdk-amd64/jre/lib/amd64/server/libjvm.so
7f0ead897000-7f0eada96000 ---p 00c4f000 08:05 6129                       /usr/lib/jvm/java-8-openjdk-amd64/jre/lib/amd64/server/libjvm.so
7f0eada96000-7f0eadb29000 r--p 00c4e000 08:05 6129                       /usr/lib/jvm/java-8-openjdk-amd64/jre/lib/amd64/server/libjvm.so
7f0eadb29000-7f0eadb52000 rw-p 00ce1000 08:05 6129                       /usr/lib/jvm/java-8-openjdk-amd64/jre/lib/amd64/server/libjvm.so
7f0eadb52000-7f0eadb82000 rw-p 00000000 00:00 0 
7f0eadb82000-7f0eadb9a000 r-xp 00000000 08:05 1451914                    /lib/x86_64-linux-gnu/libpthread-2.23.so
7f0eadb9a000-7f0eadd99000 ---p 00018000 08:05 1451914                    /lib/x86_64-linux-gnu/libpthread-2.23.so
7f0eadd99000-7f0eadd9a000 r--p 00017000 08:05 1451914                    /lib/x86_64-linux-gnu/libpthread-2.23.so
7f0eadd9a000-7f0eadd9b000 rw-p 00018000 08:05 1451914                    /lib/x86_64-linux-gnu/libpthread-2.23.so
7f0eadd9b000-7f0eadd9f000 rw-p 00000000 00:00 0 
7f0eadd9f000-7f0eadda2000 r-xp 00000000 08:05 1451907                    /lib/x86_64-linux-gnu/libdl-2.23.so
7f0eadda2000-7f0eadfa1000 ---p 00003000 08:05 1451907                    /lib/x86_64-linux-gnu/libdl-2.23.so
7f0eadfa1000-7f0eadfa2000 r--p 00002000 08:05 1451907                    /lib/x86_64-linux-gnu/libdl-2.23.so
7f0eadfa2000-7f0eadfa3000 rw-p 00003000 08:05 1451907                    /lib/x86_64-linux-gnu/libdl-2.23.so
7f0eadfa3000-7f0eadfbc000 r-xp 00000000 08:05 1442019                    /lib/x86_64-linux-gnu/libz.so.1.2.8
7f0eadfbc000-7f0eae1bb000 ---p 00019000 08:05 1442019                    /lib/x86_64-linux-gnu/libz.so.1.2.8
7f0eae1bb000-7f0eae1bc000 r--p 00018000 08:05 1442019                    /lib/x86_64-linux-gnu/libz.so.1.2.8
7f0eae1bc000-7f0eae1bd000 rw-p 00019000 08:05 1442019                    /lib/x86_64-linux-gnu/libz.so.1.2.8
7f0eae1bd000-7f0eae37c000 r-xp 00000000 08:05 1451908                    /lib/x86_64-linux-gnu/libc-2.23.so
7f0eae37c000-7f0eae57c000 ---p 001bf000 08:05 1451908                    /lib/x86_64-linux-gnu/libc-2.23.so
7f0eae57c000-7f0eae580000 r--p 001bf000 08:05 1451908                    /lib/x86_64-linux-gnu/libc-2.23.so
7f0eae580000-7f0eae582000 rw-p 001c3000 08:05 1451908                    /lib/x86_64-linux-gnu/libc-2.23.so
7f0eae582000-7f0eae586000 rw-p 00000000 00:00 0 
7f0eae586000-7f0eae593000 r-xp 00000000 08:05 5882                       /usr/lib/jvm/java-8-openjdk-amd64/jre/lib/amd64/jli/libjli.so
7f0eae593000-7f0eae793000 ---p 0000d000 08:05 5882                       /usr/lib/jvm/java-8-openjdk-amd64/jre/lib/amd64/jli/libjli.so
7f0eae793000-7f0eae794000 r--p 0000d000 08:05 5882                       /usr/lib/jvm/java-8-openjdk-amd64/jre/lib/amd64/jli/libjli.so
7f0eae794000-7f0eae795000 rw-p 0000e000 08:05 5882                       /usr/lib/jvm/java-8-openjdk-amd64/jre/lib/amd64/jli/libjli.so
7f0eae795000-7f0eae7bb000 r-xp 00000000 08:05 1441881                    /lib/x86_64-linux-gnu/ld-2.23.so
7f0eae7c1000-7f0eae7c3000 r--s 00008000 08:05 6162                       /usr/lib/jvm/java-8-openjdk-amd64/jre/lib/ext/sunec.jar
7f0eae7c3000-7f0eae7c8000 r--s 0003b000 08:05 6159                       /usr/lib/jvm/java-8-openjdk-amd64/jre/lib/ext/sunjce_provider.jar
7f0eae7c8000-7f0eae7ca000 r--s 00001000 08:05 6166                       /usr/lib/jvm/java-8-openjdk-amd64/jre/lib/ext/dnsns.jar
7f0eae7ca000-7f0eae7cb000 r--s 0000a000 08:05 6161                       /usr/lib/jvm/java-8-openjdk-amd64/jre/lib/ext/jaccess.jar
7f0eae7cb000-7f0eae7cf000 r--s 00037000 08:05 6160                       /usr/lib/jvm/java-8-openjdk-amd64/jre/lib/ext/sunpkcs11.jar
7f0eae7cf000-7f0eae7d9000 r--s 00116000 08:05 6163                       /usr/lib/jvm/java-8-openjdk-amd64/jre/lib/ext/localedata.jar
7f0eae7d9000-7f0eae883000 rw-p 00000000 00:00 0 
7f0eae883000-7f0eae886000 ---p 00000000 00:00 0 
7f0eae886000-7f0eae989000 rw-p 00000000 00:00 0 
7f0eae989000-7f0eae98c000 r--s 0000f000 08:05 6165                       /usr/lib/jvm/java-8-openjdk-amd64/jre/lib/ext/icedtea-sound.jar
7f0eae98c000-7f0eae98d000 r--s 00010000 08:05 6164                       /usr/lib/jvm/java-8-openjdk-amd64/jre/lib/ext/zipfs.jar
7f0eae98d000-7f0eae9ae000 rw-p 00000000 00:00 0 
7f0eae9ae000-7f0eae9b6000 rw-s 00000000 08:05 3014743                    /tmp/hsperfdata_masterl/9143
7f0eae9b6000-7f0eae9b7000 rw-p 00000000 00:00 0 
7f0eae9b7000-7f0eae9b8000 ---p 00000000 00:00 0 
7f0eae9b8000-7f0eae9ba000 rw-p 00000000 00:00 0 
7f0eae9ba000-7f0eae9bb000 r--p 00025000 08:05 1441881                    /lib/x86_64-linux-gnu/ld-2.23.so
7f0eae9bb000-7f0eae9bc000 rw-p 00026000 08:05 1441881                    /lib/x86_64-linux-gnu/ld-2.23.so
7f0eae9bc000-7f0eae9bd000 rw-p 00000000 00:00 0 
7fffa0604000-7fffa0625000 rw-p 00000000 00:00 0                          [stack]
7fffa06cf000-7fffa06d1000 r--p 00000000 00:00 0                          [vvar]
7fffa06d1000-7fffa06d3000 r-xp 00000000 00:00 0                          [vdso]
ffffffffff600000-ffffffffff601000 r-xp 00000000 00:00 0                  [vsyscall]

VM Arguments:
jvm_args: -Dfile.encoding=UTF-8 
java_command: maze.Main
java_class_path (initial): /home/masterl/workspace/labylast/LabyrintheLast/bin
Launcher Type: SUN_STANDARD

Environment Variables:
PATH=/usr/local/sbin:/usr/local/bin:/usr/sbin:/usr/bin:/sbin:/bin:/usr/games:/usr/local/games:/home/masterl/Téléchargements/android2.2/android-studio/bin:/snap/bin
SHELL=/bin/zsh
DISPLAY=:0

Signal Handlers:
SIGSEGV: [libjvm.so+0xa65880], sa_mask[0]=11111111011111111101111111111110, sa_flags=SA_RESTART|SA_SIGINFO
SIGBUS: [libjvm.so+0xa65880], sa_mask[0]=11111111011111111101111111111110, sa_flags=SA_RESTART|SA_SIGINFO
SIGFPE: [libjvm.so+0x8af1c0], sa_mask[0]=11111111011111111101111111111110, sa_flags=SA_RESTART|SA_SIGINFO
SIGPIPE: [libjvm.so+0x8af1c0], sa_mask[0]=11111111011111111101111111111110, sa_flags=SA_RESTART|SA_SIGINFO
SIGXFSZ: [libjvm.so+0x8af1c0], sa_mask[0]=11111111011111111101111111111110, sa_flags=SA_RESTART|SA_SIGINFO
SIGILL: [libjvm.so+0x8af1c0], sa_mask[0]=11111111011111111101111111111110, sa_flags=SA_RESTART|SA_SIGINFO
SIGUSR1: SIG_DFL, sa_mask[0]=00000000000000000000000000000000, sa_flags=none
SIGUSR2: [libjvm.so+0x8af070], sa_mask[0]=00100000000000000000000000000000, sa_flags=SA_RESTART|SA_SIGINFO
SIGHUP: [libjvm.so+0x8af540], sa_mask[0]=11111111011111111101111111111110, sa_flags=SA_RESTART|SA_SIGINFO
SIGINT: [libjvm.so+0x8af540], sa_mask[0]=11111111011111111101111111111110, sa_flags=SA_RESTART|SA_SIGINFO
SIGTERM: [libjvm.so+0x8af540], sa_mask[0]=11111111011111111101111111111110, sa_flags=SA_RESTART|SA_SIGINFO
SIGQUIT: [libjvm.so+0x8af540], sa_mask[0]=11111111011111111101111111111110, sa_flags=SA_RESTART|SA_SIGINFO


---------------  S Y S T E M  ---------------

OS:DISTRIB_ID=Ubuntu
DISTRIB_RELEASE=16.04
DISTRIB_CODENAME=xenial
DISTRIB_DESCRIPTION="Ubuntu 16.04.1 LTS"

uname:Linux 4.4.0-59-generic #80-Ubuntu SMP Fri Jan 6 17:47:47 UTC 2017 x86_64
libc:glibc 2.23 NPTL 2.23 
rlimit: STACK 8192k, CORE 0k, NPROC 31421, NOFILE 65536, AS infinity
load average:0,96 1,10 0,87

/proc/meminfo:
MemTotal:        8090736 kB
MemFree:          131820 kB
MemAvailable:      35260 kB
Buffers:             796 kB
Cached:           773316 kB
SwapCached:            0 kB
Active:          7072652 kB
Inactive:         641760 kB
Active(anon):    7059844 kB
Inactive(anon):   626960 kB
Active(file):      12808 kB
Inactive(file):    14800 kB
Unevictable:          32 kB
Mlocked:              32 kB
SwapTotal:             0 kB
SwapFree:              0 kB
Dirty:               248 kB
Writeback:             4 kB
AnonPages:       6942984 kB
Mapped:           249664 kB
Shmem:            743948 kB
Slab:             104152 kB
SReclaimable:      51268 kB
SUnreclaim:        52884 kB
KernelStack:       15216 kB
PageTables:        62356 kB
NFS_Unstable:          0 kB
Bounce:                0 kB
WritebackTmp:          0 kB
CommitLimit:     4045368 kB
Committed_AS:   11465004 kB
VmallocTotal:   34359738367 kB
VmallocUsed:           0 kB
VmallocChunk:          0 kB
HardwareCorrupted:     0 kB
AnonHugePages:   3657728 kB
CmaTotal:              0 kB
CmaFree:               0 kB
HugePages_Total:       0
HugePages_Free:        0
HugePages_Rsvd:        0
HugePages_Surp:        0
Hugepagesize:       2048 kB
DirectMap4k:      157800 kB
DirectMap2M:     7098368 kB
DirectMap1G:     1048576 kB


CPU:total 8 (4 cores per cpu, 2 threads per core) family 6 model 60 stepping 3, cmov, cx8, fxsr, mmx, sse, sse2, sse3, ssse3, sse4.1, sse4.2, popcnt, avx, avx2, aes, clmul, erms, lzcnt, ht, tsc, tscinvbit, bmi1, bmi2

/proc/cpuinfo:
processor	: 0
vendor_id	: GenuineIntel
cpu family	: 6
model		: 60
model name	: Intel(R) Core(TM) i7-4720HQ CPU @ 2.60GHz
stepping	: 3
microcode	: 0x1c
cpu MHz		: 2843.039
cache size	: 6144 KB
physical id	: 0
siblings	: 8
core id		: 0
cpu cores	: 4
apicid		: 0
initial apicid	: 0
fpu		: yes
fpu_exception	: yes
cpuid level	: 13
wp		: yes
flags		: fpu vme de pse tsc msr pae mce cx8 apic sep mtrr pge mca cmov pat pse36 clflush dts acpi mmx fxsr sse sse2 ss ht tm pbe syscall nx pdpe1gb rdtscp lm constant_tsc arch_perfmon pebs bts rep_good nopl xtopology nonstop_tsc aperfmperf eagerfpu pni pclmulqdq dtes64 monitor ds_cpl vmx est tm2 ssse3 sdbg fma cx16 xtpr pdcm pcid sse4_1 sse4_2 x2apic movbe popcnt tsc_deadline_timer aes xsave avx f16c rdrand lahf_lm abm epb tpr_shadow vnmi flexpriority ept vpid fsgsbase tsc_adjust bmi1 avx2 smep bmi2 erms invpcid xsaveopt dtherm ida arat pln pts
bugs		:
bogomips	: 5188.46
clflush size	: 64
cache_alignment	: 64
address sizes	: 39 bits physical, 48 bits virtual
power management:

processor	: 1
vendor_id	: GenuineIntel
cpu family	: 6
model		: 60
model name	: Intel(R) Core(TM) i7-4720HQ CPU @ 2.60GHz
stepping	: 3
microcode	: 0x1c
cpu MHz		: 3386.195
cache size	: 6144 KB
physical id	: 0
siblings	: 8
core id		: 1
cpu cores	: 4
apicid		: 2
initial apicid	: 2
fpu		: yes
fpu_exception	: yes
cpuid level	: 13
wp		: yes
flags		: fpu vme de pse tsc msr pae mce cx8 apic sep mtrr pge mca cmov pat pse36 clflush dts acpi mmx fxsr sse sse2 ss ht tm pbe syscall nx pdpe1gb rdtscp lm constant_tsc arch_perfmon pebs bts rep_good nopl xtopology nonstop_tsc aperfmperf eagerfpu pni pclmulqdq dtes64 monitor ds_cpl vmx est tm2 ssse3 sdbg fma cx16 xtpr pdcm pcid sse4_1 sse4_2 x2apic movbe popcnt tsc_deadline_timer aes xsave avx f16c rdrand lahf_lm abm epb tpr_shadow vnmi flexpriority ept vpid fsgsbase tsc_adjust bmi1 avx2 smep bmi2 erms invpcid xsaveopt dtherm ida arat pln pts
bugs		:
bogomips	: 5188.46
clflush size	: 64
cache_alignment	: 64
address sizes	: 39 bits physical, 48 bits virtual
power management:

processor	: 2
vendor_id	: GenuineIntel
cpu family	: 6
model		: 60
model name	: Intel(R) Core(TM) i7-4720HQ CPU @ 2.60GHz
stepping	: 3
microcode	: 0x1c
cpu MHz		: 3184.187
cache size	: 6144 KB
physical id	: 0
siblings	: 8
core id		: 2
cpu cores	: 4
apicid		: 4
initial apicid	: 4
fpu		: yes
fpu_exception	: yes
cpuid level	: 13
wp		: yes
flags		: fpu vme de pse tsc msr pae mce cx8 apic sep mtrr pge mca cmov pat pse36 clflush dts acpi mmx fxsr sse sse2 ss ht tm pbe syscall nx pdpe1gb rdtscp lm constant_tsc arch_perfmon pebs bts rep_good nopl xtopology nonstop_tsc aperfmperf eagerfpu pni pclmulqdq dtes64 monitor ds_cpl vmx est tm2 ssse3 sdbg fma cx16 xtpr pdcm pcid sse4_1 sse4_2 x2apic movbe popcnt tsc_deadline_timer aes xsave avx f16c rdrand lahf_lm abm epb tpr_shadow vnmi flexpriority ept vpid fsgsbase tsc_adjust bmi1 avx2 smep bmi2 erms invpcid xsaveopt dtherm ida arat pln pts
bugs		:
bogomips	: 5188.46
clflush size	: 64
cache_alignment	: 64
address sizes	: 39 bits physical, 48 bits virtual
power management:

processor	: 3
vendor_id	: GenuineIntel
cpu family	: 6
model		: 60
model name	: Intel(R) Core(TM) i7-4720HQ CPU @ 2.60GHz
stepping	: 3
microcode	: 0x1c
cpu MHz		: 2963.593
cache size	: 6144 KB
physical id	: 0
siblings	: 8
core id		: 3
cpu cores	: 4
apicid		: 6
initial apicid	: 6
fpu		: yes
fpu_exception	: yes
cpuid level	: 13
wp		: yes
flags		: fpu vme de pse tsc msr pae mce cx8 apic sep mtrr pge mca cmov pat pse36 clflush dts acpi mmx fxsr sse sse2 ss ht tm pbe syscall nx pdpe1gb rdtscp lm constant_tsc arch_perfmon pebs bts rep_good nopl xtopology nonstop_tsc aperfmperf eagerfpu pni pclmulqdq dtes64 monitor ds_cpl vmx est tm2 ssse3 sdbg fma cx16 xtpr pdcm pcid sse4_1 sse4_2 x2apic movbe popcnt tsc_deadline_timer aes xsave avx f16c rdrand lahf_lm abm epb tpr_shadow vnmi flexpriority ept vpid fsgsbase tsc_adjust bmi1 avx2 smep bmi2 erms invpcid xsaveopt dtherm ida arat pln pts
bugs		:
bogomips	: 5188.46
clflush size	: 64
cache_alignment	: 64
address sizes	: 39 bits physical, 48 bits virtual
power management:

processor	: 4
vendor_id	: GenuineIntel
cpu family	: 6
model		: 60
model name	: Intel(R) Core(TM) i7-4720HQ CPU @ 2.60GHz
stepping	: 3
microcode	: 0x1c
cpu MHz		: 3189.875
cache size	: 6144 KB
physical id	: 0
siblings	: 8
core id		: 0
cpu cores	: 4
apicid		: 1
initial apicid	: 1
fpu		: yes
fpu_exception	: yes
cpuid level	: 13
wp		: yes
flags		: fpu vme de pse tsc msr pae mce cx8 apic sep mtrr pge mca cmov pat pse36 clflush dts acpi mmx fxsr sse sse2 ss ht tm pbe syscall nx pdpe1gb rdtscp lm constant_tsc arch_perfmon pebs bts rep_good nopl xtopology nonstop_tsc aperfmperf eagerfpu pni pclmulqdq dtes64 monitor ds_cpl vmx est tm2 ssse3 sdbg fma cx16 xtpr pdcm pcid sse4_1 sse4_2 x2apic movbe popcnt tsc_deadline_timer aes xsave avx f16c rdrand lahf_lm abm epb tpr_shadow vnmi flexpriority ept vpid fsgsbase tsc_adjust bmi1 avx2 smep bmi2 erms invpcid xsaveopt dtherm ida arat pln pts
bugs		:
bogomips	: 5188.46
clflush size	: 64
cache_alignment	: 64
address sizes	: 39 bits physical, 48 bits virtual
power management:

processor	: 5
vendor_id	: GenuineIntel
cpu family	: 6
model		: 60
model name	: Intel(R) Core(TM) i7-4720HQ CPU @ 2.60GHz
stepping	: 3
microcode	: 0x1c
cpu MHz		: 2815.109
cache size	: 6144 KB
physical id	: 0
siblings	: 8
core id		: 1
cpu cores	: 4
apicid		: 3
initial apicid	: 3
fpu		: yes
fpu_exception	: yes
cpuid level	: 13
wp		: yes
flags		: fpu vme de pse tsc msr pae mce cx8 apic sep mtrr pge mca cmov pat pse36 clflush dts acpi mmx fxsr sse sse2 ss ht tm pbe syscall nx pdpe1gb rdtscp lm constant_tsc arch_perfmon pebs bts rep_good nopl xtopology nonstop_tsc aperfmperf eagerfpu pni pclmulqdq dtes64 monitor ds_cpl vmx est tm2 ssse3 sdbg fma cx16 xtpr pdcm pcid sse4_1 sse4_2 x2apic movbe popcnt tsc_deadline_timer aes xsave avx f16c rdrand lahf_lm abm epb tpr_shadow vnmi flexpriority ept vpid fsgsbase tsc_adjust bmi1 avx2 smep bmi2 erms invpcid xsaveopt dtherm ida arat pln pts
bugs		:
bogomips	: 5188.46
clflush size	: 64
cache_alignment	: 64
address sizes	: 39 bits physical, 48 bits virtual
power management:

processor	: 6
vendor_id	: GenuineIntel
cpu family	: 6
model		: 60
model name	: Intel(R) Core(TM) i7-4720HQ CPU @ 2.60GHz
stepping	: 3
microcode	: 0x1c
cpu MHz		: 3284.937
cache size	: 6144 KB
physical id	: 0
siblings	: 8
core id		: 2
cpu cores	: 4
apicid		: 5
initial apicid	: 5
fpu		: yes
fpu_exception	: yes
cpuid level	: 13
wp		: yes
flags		: fpu vme de pse tsc msr pae mce cx8 apic sep mtrr pge mca cmov pat pse36 clflush dts acpi mmx fxsr sse sse2 ss ht tm pbe syscall nx pdpe1gb rdtscp lm constant_tsc arch_perfmon pebs bts rep_good nopl xtopology nonstop_tsc aperfmperf eagerfpu pni pclmulqdq dtes64 monitor ds_cpl vmx est tm2 ssse3 sdbg fma cx16 xtpr pdcm pcid sse4_1 sse4_2 x2apic movbe popcnt tsc_deadline_timer aes xsave avx f16c rdrand lahf_lm abm epb tpr_shadow vnmi flexpriority ept vpid fsgsbase tsc_adjust bmi1 avx2 smep bmi2 erms invpcid xsaveopt dtherm ida arat pln pts
bugs		:
bogomips	: 5188.46
clflush size	: 64
cache_alignment	: 64
address sizes	: 39 bits physical, 48 bits virtual
power management:

processor	: 7
vendor_id	: GenuineIntel
cpu family	: 6
model		: 60
model name	: Intel(R) Core(TM) i7-4720HQ CPU @ 2.60GHz
stepping	: 3
microcode	: 0x1c
cpu MHz		: 2977.304
cache size	: 6144 KB
physical id	: 0
siblings	: 8
core id		: 3
cpu cores	: 4
apicid		: 7
initial apicid	: 7
fpu		: yes
fpu_exception	: yes
cpuid level	: 13
wp		: yes
flags		: fpu vme de pse tsc msr pae mce cx8 apic sep mtrr pge mca cmov pat pse36 clflush dts acpi mmx fxsr sse sse2 ss ht tm pbe syscall nx pdpe1gb rdtscp lm constant_tsc arch_perfmon pebs bts rep_good nopl xtopology nonstop_tsc aperfmperf eagerfpu pni pclmulqdq dtes64 monitor ds_cpl vmx est tm2 ssse3 sdbg fma cx16 xtpr pdcm pcid sse4_1 sse4_2 x2apic movbe popcnt tsc_deadline_timer aes xsave avx f16c rdrand lahf_lm abm epb tpr_shadow vnmi flexpriority ept vpid fsgsbase tsc_adjust bmi1 avx2 smep bmi2 erms invpcid xsaveopt dtherm ida arat pln pts
bugs		:
bogomips	: 5188.46
clflush size	: 64
cache_alignment	: 64
address sizes	: 39 bits physical, 48 bits virtual
power management:



Memory: 4k page, physical 8090736k(131820k free), swap 0k(0k free)

vm_info: OpenJDK 64-Bit Server VM (25.111-b14) for linux-amd64 JRE (1.8.0_111-8u111-b14-2ubuntu0.16.04.2-b14), built on Oct 27 2016 18:10:19 by "buildd" with gcc 5.4.0 20160609

time: Sun Jan 15 13:47:30 2017
elapsed time: 12 seconds (0d 0h 0m 12s)

